[2025-08-11T20:52:01Z] — PASS 1/3 —
[2025-08-11T20:52:01Z] pre-commit hook ensured
[2025-08-11T20:52:01Z] fitness: OK — found recent fitness logs
[2025-08-11T20:52:02Z] media: OK — movies.txt present
[2025-08-11T20:52:02Z] alerts.twilio: OK — guard present; SILENCE=1 SEND=0
[2025-08-11T20:52:02Z] finance: OK — finance log dir present
[2025-08-11T20:52:02Z] vpn: OK — public=False status rc=0: 
[2025-08-11T20:52:02Z] .gitignore: added 1 patterns
[2025-08-11T20:52:02Z] security.audit: FAIL — created audit stub; run real audit later
[2025-08-11T20:52:02Z] memory.kb: FAIL — index missing — created stub
[2025-08-11T20:52:02Z] git: OK — remote OK; .gitignore ensured
[2025-08-11T20:52:02Z] memory.github: OK — updated today
[2025-08-11T20:52:02Z] core.automation: OK — 14 heartbeat-like logs present
[2025-08-11T20:52:07Z] — PASS 2/3 —
[2025-08-11T20:52:07Z] security.audit: OK — age_days=0
[2025-08-11T20:52:07Z] finance: OK — finance log dir present
[2025-08-11T20:52:07Z] memory.kb: OK — index present
[2025-08-11T20:52:07Z] media: OK — movies.txt present
[2025-08-11T20:52:07Z] vpn: OK — public=False status rc=0: 
[2025-08-11T20:52:07Z] alerts.twilio: OK — guard present; SILENCE=1 SEND=0
[2025-08-11T20:52:07Z] fitness: OK — found recent fitness logs
[2025-08-11T20:52:07Z] git: OK — remote OK; .gitignore ensured
[2025-08-11T20:52:07Z] memory.github: OK — updated today
[2025-08-11T20:52:07Z] core.automation: OK — 14 heartbeat-like logs present
[2025-08-11T20:52:07Z] HEALTHCHECK PASSED — all checks green
[2025-08-11T20:55:18Z] — PASS 1/3 —
[2025-08-11T20:55:18Z] fitness: OK — found recent fitness logs
[2025-08-11T20:55:18Z] memory.kb: OK — index present
[2025-08-11T20:55:18Z] alerts.twilio: OK — guard present; SILENCE=1 SEND=0
[2025-08-11T20:55:18Z] security.audit: OK — age_days=0
[2025-08-11T20:55:18Z] finance: OK — finance log dir present
[2025-08-11T20:55:18Z] vpn: OK — public=False status rc=0: 
[2025-08-11T20:55:18Z] media: OK — movies.txt present
[2025-08-11T20:55:18Z] git: OK — remote OK; .gitignore ensured
[2025-08-11T20:55:18Z] memory.github: OK — updated today
[2025-08-11T20:55:18Z] core.automation: OK — 14 heartbeat-like logs present
[2025-08-11T20:55:18Z] HEALTHCHECK PASSED — all checks green
[2025-08-11T20:56:41Z] — PASS 1/3 —
[2025-08-11T20:56:41Z] security.audit: OK — age_days=0
[2025-08-11T20:56:41Z] memory.kb: OK — index present
[2025-08-11T20:56:41Z] media: OK — movies.txt present
[2025-08-11T20:56:41Z] vpn: OK — public=False status rc=0: 
[2025-08-11T20:56:41Z] finance: OK — finance log dir present
[2025-08-11T20:56:41Z] alerts.twilio: OK — guard present; SILENCE=1 SEND=0
[2025-08-11T20:56:41Z] fitness: OK — found recent fitness logs
[2025-08-11T20:56:41Z] git: OK — remote OK; .gitignore ensured
[2025-08-11T20:56:41Z] memory.github: OK — updated today
[2025-08-11T20:56:42Z] core.automation: OK — 14 heartbeat-like logs present
[2025-08-11T20:56:42Z] HEALTHCHECK PASSED — all checks green
