[2025-07-30 21:45:09] === Heartbeat Scheduler Loop Started (10 min interval) ===
[2025-07-30 21:45:12] log_github_heartbeat.py ran successfully
[2025-07-30 21:45:13] log_vpn_heartbeat.py ran successfully
[2025-07-30 21:45:13] log_sms_heartbeat.py ran successfully
[2025-07-30 21:45:14] log_perplexity_heartbeat.py ran successfully
[2025-07-30 21:45:16] daily_heartbeat_master.py ran successfully
[2025-07-30 21:45:16] daily_voice_reminder_master.py ran successfully
[2025-07-30 21:45:17] log_calendar_heartbeat.py ran successfully
[2025-07-30 21:45:17] === Cycle complete — sleeping 10 min ===
[2025-07-30 21:47:23] === Heartbeat Scheduler Loop Started (10 min interval) ===
[2025-07-30 21:47:27] log_github_heartbeat.py ran successfully
[2025-07-30 21:47:28] log_vpn_heartbeat.py ran successfully
[2025-07-30 21:47:28] log_sms_heartbeat.py ran successfully
[2025-07-30 21:47:29] log_perplexity_heartbeat.py ran successfully
[2025-07-30 21:47:31] daily_heartbeat_master.py ran successfully
[2025-07-30 21:47:31] daily_voice_reminder_master.py ran successfully
[2025-07-30 21:47:31] log_calendar_heartbeat.py ran successfully
[2025-07-30 21:47:31] === Cycle complete — sleeping 10 min ===
[2025-07-30 21:57:34] log_github_heartbeat.py ran successfully
[2025-07-30 21:57:35] log_vpn_heartbeat.py ran successfully
[2025-07-30 21:57:35] log_sms_heartbeat.py ran successfully
[2025-07-30 21:57:36] log_perplexity_heartbeat.py ran successfully
[2025-07-30 21:57:39] daily_heartbeat_master.py ran successfully
[2025-07-30 21:57:39] daily_voice_reminder_master.py ran successfully
[2025-07-30 21:57:39] log_calendar_heartbeat.py ran successfully
[2025-07-30 21:57:39] === Cycle complete — sleeping 10 min ===
[2025-07-30 22:07:42] log_github_heartbeat.py ran successfully
[2025-07-30 22:07:43] log_vpn_heartbeat.py ran successfully
[2025-07-30 22:07:43] log_sms_heartbeat.py ran successfully
[2025-07-30 22:07:44] log_perplexity_heartbeat.py ran successfully
[2025-07-30 22:07:47] daily_heartbeat_master.py ran successfully
[2025-07-30 22:07:47] daily_voice_reminder_master.py ran successfully
[2025-07-30 22:07:47] log_calendar_heartbeat.py ran successfully
[2025-07-30 22:07:47] === Cycle complete — sleeping 10 min ===
[2025-07-30 22:17:50] log_github_heartbeat.py ran successfully
[2025-07-30 22:17:51] log_vpn_heartbeat.py ran successfully
[2025-07-30 22:17:52] log_sms_heartbeat.py ran successfully
[2025-07-30 22:17:52] log_perplexity_heartbeat.py ran successfully
[2025-07-30 22:17:55] daily_heartbeat_master.py ran successfully
[2025-07-30 22:17:55] daily_voice_reminder_master.py ran successfully
[2025-07-30 22:17:55] log_calendar_heartbeat.py ran successfully
[2025-07-30 22:17:55] === Cycle complete — sleeping 10 min ===
[2025-07-30 22:27:57] log_github_heartbeat.py ran successfully
[2025-07-30 22:27:58] log_vpn_heartbeat.py ran successfully
[2025-07-30 22:27:58] log_sms_heartbeat.py ran successfully
[2025-07-30 22:27:59] log_perplexity_heartbeat.py ran successfully
[2025-07-30 22:28:01] daily_heartbeat_master.py ran successfully
[2025-07-30 22:28:01] daily_voice_reminder_master.py ran successfully
[2025-07-30 22:28:01] log_calendar_heartbeat.py ran successfully
[2025-07-30 22:28:01] === Cycle complete — sleeping 10 min ===
[2025-07-30 22:38:06] log_github_heartbeat.py ran successfully
[2025-07-30 22:38:06] log_vpn_heartbeat.py ran successfully
[2025-07-30 22:38:07] log_sms_heartbeat.py ran successfully
[2025-07-30 22:38:07] log_perplexity_heartbeat.py ran successfully
[2025-07-30 22:38:09] daily_heartbeat_master.py ran successfully
[2025-07-30 22:38:09] daily_voice_reminder_master.py ran successfully
[2025-07-30 22:38:10] log_calendar_heartbeat.py ran successfully
[2025-07-30 22:38:10] Running hourly logging audit...
[2025-07-30 22:38:10] Missing script: logging_audit_master.py
[2025-07-30 22:38:10] === Cycle complete — sleeping 10 min ===
[2025-07-30 22:48:13] log_github_heartbeat.py ran successfully
[2025-07-30 22:48:14] log_vpn_heartbeat.py ran successfully
[2025-07-30 22:48:14] log_sms_heartbeat.py ran successfully
[2025-07-30 22:48:15] log_perplexity_heartbeat.py ran successfully
[2025-07-30 22:48:18] daily_heartbeat_master.py ran successfully
[2025-07-30 22:48:18] daily_voice_reminder_master.py ran successfully
[2025-07-30 22:48:19] log_calendar_heartbeat.py ran successfully
[2025-07-30 22:48:19] === Cycle complete — sleeping 10 min ===
[2025-07-30 22:58:24] log_github_heartbeat.py ran successfully
[2025-07-30 22:58:26] log_vpn_heartbeat.py ran successfully
[2025-07-30 22:58:27] log_sms_heartbeat.py ran successfully
[2025-07-30 22:58:27] log_perplexity_heartbeat.py ran successfully
[2025-07-30 22:58:29] daily_heartbeat_master.py ran successfully
[2025-07-30 22:58:29] daily_voice_reminder_master.py ran successfully
[2025-07-30 22:58:29] log_calendar_heartbeat.py ran successfully
[2025-07-30 22:58:29] === Cycle complete — sleeping 10 min ===
[2025-07-30 23:01:42] === Heartbeat Scheduler Loop Started (60 min interval) ===
[2025-07-30 23:01:44] log_github_heartbeat.py ran successfully
[2025-07-30 23:01:45] log_vpn_heartbeat.py ran successfully
[2025-07-30 23:01:45] log_sms_heartbeat.py ran successfully
[2025-07-30 23:01:47] log_perplexity_heartbeat.py ran successfully
[2025-07-30 23:01:47] log_system_health_heartbeat.py ran successfully
[2025-07-30 23:01:47] log_always_on_heartbeat.py ran successfully
[2025-07-30 23:01:47] memory_folder_heartbeat.py ran successfully
[2025-07-30 23:05:13] === Heartbeat Scheduler Loop Started (60 min interval) ===
[2025-07-30 23:05:16] log_github_heartbeat.py ran successfully
[2025-07-30 23:05:16] log_vpn_heartbeat.py ran successfully
[2025-07-30 23:05:17] log_sms_heartbeat.py ran successfully
[2025-07-30 23:05:18] log_perplexity_heartbeat.py ran successfully
[2025-07-30 23:05:18] log_system_health_heartbeat.py ran successfully
[2025-07-30 23:05:18] log_always_on_heartbeat.py ran successfully
[2025-07-30 23:05:18] memory_folder_heartbeat.py ran successfully
[2025-07-30 23:08:32] log_github_heartbeat.py ran successfully
[2025-07-30 23:08:33] log_vpn_heartbeat.py ran successfully
[2025-07-30 23:08:33] log_sms_heartbeat.py ran successfully
[2025-07-30 23:08:34] log_perplexity_heartbeat.py ran successfully
[2025-07-30 23:08:36] daily_heartbeat_master.py ran successfully
[2025-07-30 23:08:36] daily_voice_reminder_master.py ran successfully
[2025-07-30 23:08:36] log_calendar_heartbeat.py ran successfully
[2025-07-30 23:08:36] === Cycle complete — sleeping 10 min ===
[2025-07-30 23:16:35] === Heartbeat Scheduler Loop Started (60 min interval) ===
[2025-07-30 23:16:37] log_github_heartbeat.py ran successfully
[2025-07-30 23:16:38] log_vpn_heartbeat.py ran successfully
[2025-07-30 23:16:38] log_sms_heartbeat.py ran successfully
[2025-07-30 23:16:39] log_perplexity_heartbeat.py ran successfully
[2025-07-30 23:16:39] log_system_health_heartbeat.py ran successfully
[2025-07-30 23:16:39] log_always_on_heartbeat.py ran successfully
[2025-07-30 23:16:39] memory_folder_heartbeat.py ran successfully
[2025-07-30 23:16:39] voice_reminder_watcher.py is running.
[2025-07-30 23:18:39] log_github_heartbeat.py ran successfully
[2025-07-30 23:18:39] log_vpn_heartbeat.py ran successfully
[2025-07-30 23:18:40] log_sms_heartbeat.py ran successfully
[2025-07-30 23:18:41] log_perplexity_heartbeat.py ran successfully
[2025-07-30 23:18:43] daily_heartbeat_master.py ran successfully
[2025-07-30 23:18:43] daily_voice_reminder_master.py ran successfully
[2025-07-30 23:18:43] log_calendar_heartbeat.py ran successfully
[2025-07-30 23:18:43] === Cycle complete — sleeping 10 min ===
[2025-07-30 23:28:46] log_github_heartbeat.py ran successfully
[2025-07-30 23:28:46] log_vpn_heartbeat.py ran successfully
[2025-07-30 23:28:47] log_sms_heartbeat.py ran successfully
[2025-07-30 23:28:47] log_perplexity_heartbeat.py ran successfully
[2025-07-30 23:28:50] daily_heartbeat_master.py ran successfully
[2025-07-30 23:28:50] daily_voice_reminder_master.py ran successfully
[2025-07-30 23:28:50] log_calendar_heartbeat.py ran successfully
[2025-07-30 23:28:50] === Cycle complete — sleeping 10 min ===
[2025-07-30 23:38:53] log_github_heartbeat.py ran successfully
[2025-07-30 23:38:54] log_vpn_heartbeat.py ran successfully
[2025-07-30 23:38:55] log_sms_heartbeat.py ran successfully
[2025-07-30 23:38:55] log_perplexity_heartbeat.py ran successfully
[2025-07-30 23:38:58] daily_heartbeat_master.py ran successfully
[2025-07-30 23:38:58] daily_voice_reminder_master.py ran successfully
[2025-07-30 23:38:58] log_calendar_heartbeat.py ran successfully
[2025-07-30 23:38:58] Running hourly logging audit...
[2025-07-30 23:38:58] Missing script: logging_audit_master.py
[2025-07-30 23:38:58] === Cycle complete — sleeping 10 min ===
[2025-07-30 23:49:07] log_github_heartbeat.py ran successfully
[2025-07-30 23:49:08] log_vpn_heartbeat.py ran successfully
[2025-07-30 23:49:09] log_sms_heartbeat.py ran successfully
[2025-07-30 23:49:09] log_perplexity_heartbeat.py ran successfully
[2025-07-30 23:49:13] daily_heartbeat_master.py ran successfully
[2025-07-30 23:49:13] daily_voice_reminder_master.py ran successfully
[2025-07-30 23:49:13] log_calendar_heartbeat.py ran successfully
[2025-07-30 23:49:13] === Cycle complete — sleeping 10 min ===
[2025-07-30 23:59:18] log_github_heartbeat.py ran successfully
[2025-07-30 23:59:19] log_vpn_heartbeat.py ran successfully
[2025-07-30 23:59:21] log_sms_heartbeat.py ran successfully
[2025-07-30 23:59:22] log_perplexity_heartbeat.py ran successfully
[2025-07-30 23:59:27] daily_heartbeat_master.py ran successfully
[2025-07-30 23:59:28] daily_voice_reminder_master.py ran successfully
[2025-07-30 23:59:28] log_calendar_heartbeat.py ran successfully
[2025-07-30 23:59:28] === Cycle complete — sleeping 10 min ===
[2025-07-31 00:09:31] log_github_heartbeat.py ran successfully
[2025-07-31 00:09:31] log_vpn_heartbeat.py ran successfully
[2025-07-31 00:09:33] log_sms_heartbeat.py ran successfully
[2025-07-31 00:09:34] log_perplexity_heartbeat.py ran successfully
[2025-07-31 00:09:36] daily_heartbeat_master.py ran successfully
[2025-07-31 00:09:36] daily_voice_reminder_master.py ran successfully
[2025-07-31 00:09:36] log_calendar_heartbeat.py ran successfully
[2025-07-31 00:09:36] === Cycle complete — sleeping 10 min ===
[2025-07-31 00:16:43] log_github_heartbeat.py ran successfully
[2025-07-31 00:16:43] log_vpn_heartbeat.py ran successfully
[2025-07-31 00:16:44] log_sms_heartbeat.py ran successfully
[2025-07-31 00:16:45] log_perplexity_heartbeat.py ran successfully
[2025-07-31 00:16:45] log_system_health_heartbeat.py ran successfully
[2025-07-31 00:16:45] log_always_on_heartbeat.py ran successfully
[2025-07-31 00:16:45] memory_folder_heartbeat.py ran successfully
[2025-07-31 00:16:45] voice_reminder_watcher.py is running.
[2025-07-31 00:19:40] log_github_heartbeat.py ran successfully
[2025-07-31 00:19:43] log_vpn_heartbeat.py ran successfully
[2025-07-31 00:19:44] log_sms_heartbeat.py ran successfully
[2025-07-31 00:19:44] log_perplexity_heartbeat.py ran successfully
[2025-07-31 00:19:47] daily_heartbeat_master.py ran successfully
[2025-07-31 00:19:47] daily_voice_reminder_master.py ran successfully
[2025-07-31 00:19:47] log_calendar_heartbeat.py ran successfully
[2025-07-31 00:19:47] === Cycle complete — sleeping 10 min ===
[2025-07-31 00:29:50] log_github_heartbeat.py ran successfully
[2025-07-31 00:29:51] log_vpn_heartbeat.py ran successfully
[2025-07-31 00:29:52] log_sms_heartbeat.py ran successfully
[2025-07-31 00:29:52] log_perplexity_heartbeat.py ran successfully
[2025-07-31 00:29:55] daily_heartbeat_master.py ran successfully
[2025-07-31 00:29:55] daily_voice_reminder_master.py ran successfully
[2025-07-31 00:29:55] log_calendar_heartbeat.py ran successfully
[2025-07-31 00:29:55] === Cycle complete — sleeping 10 min ===
[2025-07-31 00:39:59] log_github_heartbeat.py ran successfully
[2025-07-31 00:39:59] log_vpn_heartbeat.py ran successfully
[2025-07-31 00:40:00] log_sms_heartbeat.py ran successfully
[2025-07-31 00:40:01] log_perplexity_heartbeat.py ran successfully
[2025-07-31 00:40:04] daily_heartbeat_master.py ran successfully
[2025-07-31 00:40:04] daily_voice_reminder_master.py ran successfully
[2025-07-31 00:40:04] log_calendar_heartbeat.py ran successfully
[2025-07-31 00:40:04] Running hourly logging audit...
[2025-07-31 00:40:04] Missing script: logging_audit_master.py
[2025-07-31 00:40:04] === Cycle complete — sleeping 10 min ===
[2025-07-31 00:50:09] log_github_heartbeat.py ran successfully
[2025-07-31 00:50:09] log_vpn_heartbeat.py ran successfully
[2025-07-31 00:50:10] log_sms_heartbeat.py ran successfully
[2025-07-31 00:50:11] log_perplexity_heartbeat.py ran successfully
[2025-07-31 00:50:14] daily_heartbeat_master.py ran successfully
[2025-07-31 00:50:14] daily_voice_reminder_master.py ran successfully
[2025-07-31 00:50:14] log_calendar_heartbeat.py ran successfully
[2025-07-31 00:50:14] === Cycle complete — sleeping 10 min ===
[2025-07-31 01:00:18] log_github_heartbeat.py ran successfully
[2025-07-31 01:00:19] log_vpn_heartbeat.py ran successfully
[2025-07-31 01:00:20] log_sms_heartbeat.py ran successfully
[2025-07-31 01:00:21] log_perplexity_heartbeat.py ran successfully
[2025-07-31 01:00:24] daily_heartbeat_master.py ran successfully
[2025-07-31 01:00:24] daily_voice_reminder_master.py ran successfully
[2025-07-31 01:00:24] log_calendar_heartbeat.py ran successfully
[2025-07-31 01:00:24] === Cycle complete — sleeping 10 min ===
[2025-07-31 01:10:31] log_github_heartbeat.py ran successfully
[2025-07-31 01:10:32] log_vpn_heartbeat.py ran successfully
[2025-07-31 01:10:33] log_sms_heartbeat.py ran successfully
[2025-07-31 01:10:34] log_perplexity_heartbeat.py ran successfully
[2025-07-31 01:10:38] daily_heartbeat_master.py ran successfully
[2025-07-31 01:10:38] daily_voice_reminder_master.py ran successfully
[2025-07-31 01:10:38] log_calendar_heartbeat.py ran successfully
[2025-07-31 01:10:38] === Cycle complete — sleeping 10 min ===
[2025-07-31 01:16:48] log_github_heartbeat.py ran successfully
[2025-07-31 01:16:49] log_vpn_heartbeat.py ran successfully
[2025-07-31 01:16:49] log_sms_heartbeat.py ran successfully
[2025-07-31 01:16:50] log_perplexity_heartbeat.py ran successfully
[2025-07-31 01:16:50] log_system_health_heartbeat.py ran successfully
[2025-07-31 01:16:50] log_always_on_heartbeat.py ran successfully
[2025-07-31 01:16:50] memory_folder_heartbeat.py ran successfully
[2025-07-31 01:16:50] voice_reminder_watcher.py is running.
[2025-07-31 01:20:42] log_github_heartbeat.py ran successfully
[2025-07-31 01:20:43] log_vpn_heartbeat.py ran successfully
[2025-07-31 01:20:43] log_sms_heartbeat.py ran successfully
[2025-07-31 01:20:44] log_perplexity_heartbeat.py ran successfully
[2025-07-31 01:20:47] daily_heartbeat_master.py ran successfully
[2025-07-31 01:20:47] daily_voice_reminder_master.py ran successfully
[2025-07-31 01:20:47] log_calendar_heartbeat.py ran successfully
[2025-07-31 01:20:47] === Cycle complete — sleeping 10 min ===
[2025-07-31 01:30:51] log_github_heartbeat.py ran successfully
[2025-07-31 01:30:51] log_vpn_heartbeat.py ran successfully
[2025-07-31 01:30:52] log_sms_heartbeat.py ran successfully
[2025-07-31 01:30:53] log_perplexity_heartbeat.py ran successfully
[2025-07-31 01:30:56] daily_heartbeat_master.py ran successfully
[2025-07-31 01:30:56] daily_voice_reminder_master.py ran successfully
[2025-07-31 01:30:56] log_calendar_heartbeat.py ran successfully
[2025-07-31 01:30:56] === Cycle complete — sleeping 10 min ===
[2025-07-31 01:41:01] log_github_heartbeat.py ran successfully
[2025-07-31 01:41:07] log_vpn_heartbeat.py ran successfully
[2025-07-31 01:41:08] log_sms_heartbeat.py ran successfully
[2025-07-31 01:41:09] log_perplexity_heartbeat.py ran successfully
[2025-07-31 01:41:16] daily_heartbeat_master.py ran successfully
[2025-07-31 01:41:17] daily_voice_reminder_master.py ran successfully
[2025-07-31 01:41:17] log_calendar_heartbeat.py ran successfully
[2025-07-31 01:41:17] Running hourly logging audit...
[2025-07-31 01:41:17] Missing script: logging_audit_master.py
[2025-07-31 01:41:17] === Cycle complete — sleeping 10 min ===
[2025-07-31 01:51:21] log_github_heartbeat.py ran successfully
[2025-07-31 01:51:23] log_vpn_heartbeat.py ran successfully
[2025-07-31 01:51:24] log_sms_heartbeat.py ran successfully
[2025-07-31 01:51:24] log_perplexity_heartbeat.py ran successfully
[2025-07-31 01:51:28] daily_heartbeat_master.py ran successfully
[2025-07-31 01:51:28] daily_voice_reminder_master.py ran successfully
[2025-07-31 01:51:28] log_calendar_heartbeat.py ran successfully
[2025-07-31 01:51:28] === Cycle complete — sleeping 10 min ===
[2025-07-31 02:01:31] log_github_heartbeat.py ran successfully
[2025-07-31 02:01:32] log_vpn_heartbeat.py ran successfully
[2025-07-31 02:01:33] log_sms_heartbeat.py ran successfully
[2025-07-31 02:01:34] log_perplexity_heartbeat.py ran successfully
[2025-07-31 02:01:38] daily_heartbeat_master.py ran successfully
[2025-07-31 02:01:38] daily_voice_reminder_master.py ran successfully
[2025-07-31 02:01:38] log_calendar_heartbeat.py ran successfully
[2025-07-31 02:01:38] === Cycle complete — sleeping 10 min ===
[2025-07-31 02:11:41] log_github_heartbeat.py ran successfully
[2025-07-31 02:11:42] log_vpn_heartbeat.py ran successfully
[2025-07-31 02:11:43] log_sms_heartbeat.py ran successfully
[2025-07-31 02:11:43] log_perplexity_heartbeat.py ran successfully
[2025-07-31 02:11:47] daily_heartbeat_master.py ran successfully
[2025-07-31 02:11:47] daily_voice_reminder_master.py ran successfully
[2025-07-31 02:11:47] log_calendar_heartbeat.py ran successfully
[2025-07-31 02:11:47] === Cycle complete — sleeping 10 min ===
[2025-07-31 02:16:53] log_github_heartbeat.py ran successfully
[2025-07-31 02:16:54] log_vpn_heartbeat.py ran successfully
[2025-07-31 02:16:54] log_sms_heartbeat.py ran successfully
[2025-07-31 02:16:55] log_perplexity_heartbeat.py ran successfully
[2025-07-31 02:16:55] log_system_health_heartbeat.py ran successfully
[2025-07-31 02:16:55] log_always_on_heartbeat.py ran successfully
[2025-07-31 02:16:55] memory_folder_heartbeat.py ran successfully
[2025-07-31 02:16:55] voice_reminder_watcher.py is running.
[2025-07-31 02:21:52] log_github_heartbeat.py ran successfully
[2025-07-31 02:21:54] log_vpn_heartbeat.py ran successfully
[2025-07-31 02:21:55] log_sms_heartbeat.py ran successfully
[2025-07-31 02:21:56] log_perplexity_heartbeat.py ran successfully
[2025-07-31 02:22:03] daily_heartbeat_master.py ran successfully
[2025-07-31 02:22:03] daily_voice_reminder_master.py ran successfully
[2025-07-31 02:22:03] log_calendar_heartbeat.py ran successfully
[2025-07-31 02:22:03] === Cycle complete — sleeping 10 min ===
[2025-07-31 02:32:08] log_github_heartbeat.py ran successfully
[2025-07-31 02:32:11] log_vpn_heartbeat.py ran successfully
[2025-07-31 02:32:12] log_sms_heartbeat.py ran successfully
[2025-07-31 02:32:13] log_perplexity_heartbeat.py ran successfully
[2025-07-31 02:32:18] daily_heartbeat_master.py ran successfully
[2025-07-31 02:32:18] daily_voice_reminder_master.py ran successfully
[2025-07-31 02:32:19] log_calendar_heartbeat.py ran successfully
[2025-07-31 02:32:19] === Cycle complete — sleeping 10 min ===
[2025-07-31 02:42:23] log_github_heartbeat.py ran successfully
[2025-07-31 02:42:25] log_vpn_heartbeat.py ran successfully
[2025-07-31 02:42:26] log_sms_heartbeat.py ran successfully
[2025-07-31 02:42:27] log_perplexity_heartbeat.py ran successfully
[2025-07-31 02:42:31] daily_heartbeat_master.py ran successfully
[2025-07-31 02:42:31] daily_voice_reminder_master.py ran successfully
[2025-07-31 02:42:31] log_calendar_heartbeat.py ran successfully
[2025-07-31 02:42:31] Running hourly logging audit...
[2025-07-31 02:42:31] Missing script: logging_audit_master.py
[2025-07-31 02:42:31] === Cycle complete — sleeping 10 min ===
[2025-07-31 02:52:36] log_github_heartbeat.py ran successfully
[2025-07-31 02:52:36] log_vpn_heartbeat.py ran successfully
[2025-07-31 02:52:37] log_sms_heartbeat.py ran successfully
[2025-07-31 02:52:39] log_perplexity_heartbeat.py ran successfully
[2025-07-31 02:52:43] daily_heartbeat_master.py ran successfully
[2025-07-31 02:52:44] daily_voice_reminder_master.py ran successfully
[2025-07-31 02:52:44] log_calendar_heartbeat.py ran successfully
[2025-07-31 02:52:44] === Cycle complete — sleeping 10 min ===
[2025-07-31 03:02:49] log_github_heartbeat.py ran successfully
[2025-07-31 03:02:50] log_vpn_heartbeat.py ran successfully
[2025-07-31 03:02:51] log_sms_heartbeat.py ran successfully
[2025-07-31 03:02:52] log_perplexity_heartbeat.py ran successfully
[2025-07-31 03:02:56] daily_heartbeat_master.py ran successfully
[2025-07-31 03:02:57] daily_voice_reminder_master.py ran successfully
[2025-07-31 03:02:57] log_calendar_heartbeat.py ran successfully
[2025-07-31 03:02:57] === Cycle complete — sleeping 10 min ===
[2025-07-31 03:13:02] log_github_heartbeat.py ran successfully
[2025-07-31 03:13:03] log_vpn_heartbeat.py ran successfully
[2025-07-31 03:13:05] log_sms_heartbeat.py ran successfully
[2025-07-31 03:13:06] log_perplexity_heartbeat.py ran successfully
[2025-07-31 03:13:12] daily_heartbeat_master.py ran successfully
[2025-07-31 03:13:12] daily_voice_reminder_master.py ran successfully
[2025-07-31 03:13:12] log_calendar_heartbeat.py ran successfully
[2025-07-31 03:13:12] === Cycle complete — sleeping 10 min ===
[2025-07-31 03:16:58] log_github_heartbeat.py ran successfully
[2025-07-31 03:16:58] log_vpn_heartbeat.py ran successfully
[2025-07-31 03:16:59] log_sms_heartbeat.py ran successfully
[2025-07-31 03:17:00] log_perplexity_heartbeat.py ran successfully
[2025-07-31 03:17:00] log_system_health_heartbeat.py ran successfully
[2025-07-31 03:17:00] log_always_on_heartbeat.py ran successfully
[2025-07-31 03:17:00] memory_folder_heartbeat.py ran successfully
[2025-07-31 03:17:00] voice_reminder_watcher.py is running.
[2025-07-31 03:23:16] log_github_heartbeat.py ran successfully
[2025-07-31 03:23:17] log_vpn_heartbeat.py ran successfully
[2025-07-31 03:23:19] log_sms_heartbeat.py ran successfully
[2025-07-31 03:23:20] log_perplexity_heartbeat.py ran successfully
[2025-07-31 03:23:24] daily_heartbeat_master.py ran successfully
[2025-07-31 03:23:24] daily_voice_reminder_master.py ran successfully
[2025-07-31 03:23:24] log_calendar_heartbeat.py ran successfully
[2025-07-31 03:23:24] === Cycle complete — sleeping 10 min ===
[2025-07-31 03:33:34] log_github_heartbeat.py ran successfully
[2025-07-31 03:33:40] log_vpn_heartbeat.py ran successfully
[2025-07-31 03:33:42] log_sms_heartbeat.py ran successfully
[2025-07-31 03:33:46] log_perplexity_heartbeat.py ran successfully
[2025-07-31 03:33:52] daily_heartbeat_master.py ran successfully
[2025-07-31 03:33:52] daily_voice_reminder_master.py ran successfully
[2025-07-31 03:33:52] log_calendar_heartbeat.py ran successfully
[2025-07-31 03:33:52] === Cycle complete — sleeping 10 min ===
[2025-07-31 03:43:55] log_github_heartbeat.py ran successfully
[2025-07-31 03:43:56] log_vpn_heartbeat.py ran successfully
[2025-07-31 03:43:57] log_sms_heartbeat.py ran successfully
[2025-07-31 03:43:58] log_perplexity_heartbeat.py ran successfully
[2025-07-31 03:44:01] daily_heartbeat_master.py ran successfully
[2025-07-31 03:44:02] daily_voice_reminder_master.py ran successfully
[2025-07-31 03:44:02] log_calendar_heartbeat.py ran successfully
[2025-07-31 03:44:02] Running hourly logging audit...
[2025-07-31 03:44:02] Missing script: logging_audit_master.py
[2025-07-31 03:44:02] === Cycle complete — sleeping 10 min ===
[2025-07-31 03:54:09] log_github_heartbeat.py ran successfully
[2025-07-31 03:54:11] log_vpn_heartbeat.py ran successfully
[2025-07-31 03:54:11] log_sms_heartbeat.py ran successfully
[2025-07-31 03:54:12] log_perplexity_heartbeat.py ran successfully
[2025-07-31 03:54:20] daily_heartbeat_master.py ran successfully
[2025-07-31 03:54:20] daily_voice_reminder_master.py ran successfully
[2025-07-31 03:54:21] log_calendar_heartbeat.py ran successfully
[2025-07-31 03:54:21] === Cycle complete — sleeping 10 min ===
[2025-07-31 04:04:26] log_github_heartbeat.py ran successfully
[2025-07-31 04:04:29] log_vpn_heartbeat.py ran successfully
[2025-07-31 04:04:30] log_sms_heartbeat.py ran successfully
[2025-07-31 04:04:32] log_perplexity_heartbeat.py ran successfully
[2025-07-31 04:04:40] daily_heartbeat_master.py ran successfully
[2025-07-31 04:04:40] daily_voice_reminder_master.py ran successfully
[2025-07-31 04:04:40] log_calendar_heartbeat.py ran successfully
[2025-07-31 04:04:40] === Cycle complete — sleeping 10 min ===
[2025-07-31 04:14:44] log_github_heartbeat.py ran successfully
[2025-07-31 04:14:45] log_vpn_heartbeat.py ran successfully
[2025-07-31 04:14:46] log_sms_heartbeat.py ran successfully
[2025-07-31 04:14:47] log_perplexity_heartbeat.py ran successfully
[2025-07-31 04:14:50] daily_heartbeat_master.py ran successfully
[2025-07-31 04:14:50] daily_voice_reminder_master.py ran successfully
[2025-07-31 04:14:50] log_calendar_heartbeat.py ran successfully
[2025-07-31 04:14:50] === Cycle complete — sleeping 10 min ===
[2025-07-31 04:17:05] log_github_heartbeat.py ran successfully
[2025-07-31 04:17:07] log_vpn_heartbeat.py ran successfully
[2025-07-31 04:17:07] log_sms_heartbeat.py ran successfully
[2025-07-31 04:17:08] log_perplexity_heartbeat.py ran successfully
[2025-07-31 04:17:09] log_system_health_heartbeat.py ran successfully
[2025-07-31 04:17:09] log_always_on_heartbeat.py ran successfully
[2025-07-31 04:17:09] memory_folder_heartbeat.py ran successfully
[2025-07-31 04:17:09] voice_reminder_watcher.py is running.
[2025-07-31 04:24:53] log_github_heartbeat.py ran successfully
[2025-07-31 04:24:54] log_vpn_heartbeat.py ran successfully
[2025-07-31 04:24:55] log_sms_heartbeat.py ran successfully
[2025-07-31 04:24:56] log_perplexity_heartbeat.py ran successfully
[2025-07-31 04:24:59] daily_heartbeat_master.py ran successfully
[2025-07-31 04:24:59] daily_voice_reminder_master.py ran successfully
[2025-07-31 04:24:59] log_calendar_heartbeat.py ran successfully
[2025-07-31 04:24:59] === Cycle complete — sleeping 10 min ===
[2025-07-31 04:35:09] log_github_heartbeat.py ran successfully
[2025-07-31 04:35:14] log_vpn_heartbeat.py ran successfully
[2025-07-31 04:35:15] log_sms_heartbeat.py ran successfully
[2025-07-31 04:35:16] log_perplexity_heartbeat.py ran successfully
[2025-07-31 04:35:23] daily_heartbeat_master.py ran successfully
[2025-07-31 04:35:23] daily_voice_reminder_master.py ran successfully
[2025-07-31 04:35:24] log_calendar_heartbeat.py ran successfully
[2025-07-31 04:35:24] === Cycle complete — sleeping 10 min ===
[2025-07-31 04:45:27] log_github_heartbeat.py ran successfully
[2025-07-31 04:45:28] log_vpn_heartbeat.py ran successfully
[2025-07-31 04:45:29] log_sms_heartbeat.py ran successfully
[2025-07-31 04:45:29] log_perplexity_heartbeat.py ran successfully
[2025-07-31 04:45:33] daily_heartbeat_master.py ran successfully
[2025-07-31 04:45:33] daily_voice_reminder_master.py ran successfully
[2025-07-31 04:45:33] log_calendar_heartbeat.py ran successfully
[2025-07-31 04:45:33] Running hourly logging audit...
[2025-07-31 04:45:33] Missing script: logging_audit_master.py
[2025-07-31 04:45:33] === Cycle complete — sleeping 10 min ===
[2025-07-31 04:55:37] log_github_heartbeat.py ran successfully
[2025-07-31 04:55:39] log_vpn_heartbeat.py ran successfully
[2025-07-31 04:55:40] log_sms_heartbeat.py ran successfully
[2025-07-31 04:55:41] log_perplexity_heartbeat.py ran successfully
[2025-07-31 04:55:47] daily_heartbeat_master.py ran successfully
[2025-07-31 04:55:47] daily_voice_reminder_master.py ran successfully
[2025-07-31 04:55:47] log_calendar_heartbeat.py ran successfully
[2025-07-31 04:55:47] === Cycle complete — sleeping 10 min ===
[2025-07-31 05:05:52] log_github_heartbeat.py ran successfully
[2025-07-31 05:05:54] log_vpn_heartbeat.py ran successfully
[2025-07-31 05:05:55] log_sms_heartbeat.py ran successfully
[2025-07-31 05:05:55] log_perplexity_heartbeat.py ran successfully
[2025-07-31 05:06:01] daily_heartbeat_master.py ran successfully
[2025-07-31 05:06:01] daily_voice_reminder_master.py ran successfully
[2025-07-31 05:06:01] log_calendar_heartbeat.py ran successfully
[2025-07-31 05:06:01] === Cycle complete — sleeping 10 min ===
[2025-07-31 05:16:10] log_github_heartbeat.py ran successfully
[2025-07-31 05:16:13] log_vpn_heartbeat.py ran successfully
[2025-07-31 05:16:15] log_sms_heartbeat.py ran successfully
[2025-07-31 05:16:16] log_perplexity_heartbeat.py ran successfully
[2025-07-31 05:16:24] daily_heartbeat_master.py ran successfully
[2025-07-31 05:16:24] daily_voice_reminder_master.py ran successfully
[2025-07-31 05:16:24] log_calendar_heartbeat.py ran successfully
[2025-07-31 05:16:24] === Cycle complete — sleeping 10 min ===
[2025-07-31 05:17:12] log_github_heartbeat.py ran successfully
[2025-07-31 05:17:13] log_vpn_heartbeat.py ran successfully
[2025-07-31 05:17:13] log_sms_heartbeat.py ran successfully
[2025-07-31 05:17:14] log_perplexity_heartbeat.py ran successfully
[2025-07-31 05:17:14] log_system_health_heartbeat.py ran successfully
[2025-07-31 05:17:14] log_always_on_heartbeat.py ran successfully
[2025-07-31 05:17:14] memory_folder_heartbeat.py ran successfully
[2025-07-31 05:17:14] voice_reminder_watcher.py is running.
[2025-07-31 05:26:29] log_github_heartbeat.py ran successfully
[2025-07-31 05:26:32] log_vpn_heartbeat.py ran successfully
[2025-07-31 05:26:34] log_sms_heartbeat.py ran successfully
[2025-07-31 05:26:35] log_perplexity_heartbeat.py ran successfully
[2025-07-31 05:26:42] daily_heartbeat_master.py ran successfully
[2025-07-31 05:26:42] daily_voice_reminder_master.py ran successfully
[2025-07-31 05:26:42] log_calendar_heartbeat.py ran successfully
[2025-07-31 05:26:42] === Cycle complete — sleeping 10 min ===
[2025-07-31 05:36:55] log_github_heartbeat.py ran successfully
[2025-07-31 05:36:59] log_vpn_heartbeat.py ran successfully
[2025-07-31 05:37:01] log_sms_heartbeat.py ran successfully
[2025-07-31 05:37:02] log_perplexity_heartbeat.py ran successfully
[2025-07-31 05:37:09] daily_heartbeat_master.py ran successfully
[2025-07-31 05:37:09] daily_voice_reminder_master.py ran successfully
[2025-07-31 05:37:09] log_calendar_heartbeat.py ran successfully
[2025-07-31 05:37:09] === Cycle complete — sleeping 10 min ===
[2025-07-31 05:47:15] log_github_heartbeat.py ran successfully
[2025-07-31 05:47:21] log_vpn_heartbeat.py ran successfully
[2025-07-31 05:47:26] log_sms_heartbeat.py ran successfully
[2025-07-31 05:47:28] log_perplexity_heartbeat.py ran successfully
[2025-07-31 05:47:33] daily_heartbeat_master.py ran successfully
[2025-07-31 05:47:34] daily_voice_reminder_master.py ran successfully
[2025-07-31 05:47:34] log_calendar_heartbeat.py ran successfully
[2025-07-31 05:47:34] Running hourly logging audit...
[2025-07-31 05:47:34] Missing script: logging_audit_master.py
[2025-07-31 05:47:34] === Cycle complete — sleeping 10 min ===
[2025-07-31 05:57:38] log_github_heartbeat.py ran successfully
[2025-07-31 05:57:42] log_vpn_heartbeat.py ran successfully
[2025-07-31 05:57:43] log_sms_heartbeat.py ran successfully
[2025-07-31 05:57:44] log_perplexity_heartbeat.py ran successfully
[2025-07-31 05:57:50] daily_heartbeat_master.py ran successfully
[2025-07-31 05:57:51] daily_voice_reminder_master.py ran successfully
[2025-07-31 05:57:51] log_calendar_heartbeat.py ran successfully
[2025-07-31 05:57:51] === Cycle complete — sleeping 10 min ===
[2025-07-31 06:07:57] log_github_heartbeat.py ran successfully
[2025-07-31 06:08:07] log_vpn_heartbeat.py ran successfully
[2025-07-31 06:08:13] log_sms_heartbeat.py ran successfully
[2025-07-31 06:08:16] log_perplexity_heartbeat.py ran successfully
[2025-07-31 06:08:24] daily_heartbeat_master.py ran successfully
[2025-07-31 06:08:24] daily_voice_reminder_master.py ran successfully
[2025-07-31 06:08:24] log_calendar_heartbeat.py ran successfully
[2025-07-31 06:08:24] === Cycle complete — sleeping 10 min ===
[2025-07-31 06:17:18] log_github_heartbeat.py ran successfully
[2025-07-31 06:17:18] log_vpn_heartbeat.py ran successfully
[2025-07-31 06:17:19] log_sms_heartbeat.py ran successfully
[2025-07-31 06:17:20] log_perplexity_heartbeat.py ran successfully
[2025-07-31 06:17:20] log_system_health_heartbeat.py ran successfully
[2025-07-31 06:17:20] log_always_on_heartbeat.py ran successfully
[2025-07-31 06:17:20] memory_folder_heartbeat.py ran successfully
[2025-07-31 06:17:20] voice_reminder_watcher.py is running.
[2025-07-31 06:18:35] log_github_heartbeat.py ran successfully
[2025-07-31 06:18:39] log_vpn_heartbeat.py ran successfully
[2025-07-31 06:18:41] log_sms_heartbeat.py ran successfully
[2025-07-31 06:18:44] log_perplexity_heartbeat.py ran successfully
[2025-07-31 06:18:51] daily_heartbeat_master.py ran successfully
[2025-07-31 06:18:51] daily_voice_reminder_master.py ran successfully
[2025-07-31 06:18:51] log_calendar_heartbeat.py ran successfully
[2025-07-31 06:18:51] === Cycle complete — sleeping 10 min ===
[2025-07-31 06:28:56] log_github_heartbeat.py ran successfully
[2025-07-31 06:29:01] log_vpn_heartbeat.py ran successfully
[2025-07-31 06:29:04] log_sms_heartbeat.py ran successfully
[2025-07-31 06:29:13] log_perplexity_heartbeat.py ran successfully
[2025-07-31 06:29:26] daily_heartbeat_master.py ran successfully
[2025-07-31 06:29:26] daily_voice_reminder_master.py ran successfully
[2025-07-31 06:29:26] log_calendar_heartbeat.py ran successfully
[2025-07-31 06:29:26] === Cycle complete — sleeping 10 min ===
[2025-07-31 06:39:32] log_github_heartbeat.py ran successfully
[2025-07-31 06:39:36] log_vpn_heartbeat.py ran successfully
[2025-07-31 06:39:37] log_sms_heartbeat.py ran successfully
[2025-07-31 06:39:38] log_perplexity_heartbeat.py ran successfully
[2025-07-31 06:39:43] daily_heartbeat_master.py ran successfully
[2025-07-31 06:39:43] daily_voice_reminder_master.py ran successfully
[2025-07-31 06:39:43] log_calendar_heartbeat.py ran successfully
[2025-07-31 06:39:43] === Cycle complete — sleeping 10 min ===
[2025-07-31 06:49:48] log_github_heartbeat.py ran successfully
[2025-07-31 06:49:51] log_vpn_heartbeat.py ran successfully
[2025-07-31 06:49:52] log_sms_heartbeat.py ran successfully
[2025-07-31 06:49:53] log_perplexity_heartbeat.py ran successfully
[2025-07-31 06:50:02] daily_heartbeat_master.py ran successfully
[2025-07-31 06:50:02] daily_voice_reminder_master.py ran successfully
[2025-07-31 06:50:02] log_calendar_heartbeat.py ran successfully
[2025-07-31 06:50:02] Running hourly logging audit...
[2025-07-31 06:50:02] Missing script: logging_audit_master.py
[2025-07-31 06:50:02] === Cycle complete — sleeping 10 min ===
[2025-07-31 07:00:06] log_github_heartbeat.py ran successfully
[2025-07-31 07:00:07] log_vpn_heartbeat.py ran successfully
[2025-07-31 07:00:08] log_sms_heartbeat.py ran successfully
[2025-07-31 07:00:09] log_perplexity_heartbeat.py ran successfully
[2025-07-31 07:00:15] daily_heartbeat_master.py ran successfully
[2025-07-31 07:00:15] daily_voice_reminder_master.py ran successfully
[2025-07-31 07:00:15] log_calendar_heartbeat.py ran successfully
[2025-07-31 07:00:15] === Cycle complete — sleeping 10 min ===
[2025-07-31 07:10:21] log_github_heartbeat.py ran successfully
[2025-07-31 07:10:24] log_vpn_heartbeat.py ran successfully
[2025-07-31 07:10:26] log_sms_heartbeat.py ran successfully
[2025-07-31 07:10:27] log_perplexity_heartbeat.py ran successfully
[2025-07-31 07:10:32] daily_heartbeat_master.py ran successfully
[2025-07-31 07:10:32] daily_voice_reminder_master.py ran successfully
[2025-07-31 07:10:32] log_calendar_heartbeat.py ran successfully
[2025-07-31 07:10:32] === Cycle complete — sleeping 10 min ===
[2025-07-31 07:17:23] log_github_heartbeat.py ran successfully
[2025-07-31 07:17:24] log_vpn_heartbeat.py ran successfully
[2025-07-31 07:17:25] log_sms_heartbeat.py ran successfully
[2025-07-31 07:17:26] log_perplexity_heartbeat.py ran successfully
[2025-07-31 07:17:26] log_system_health_heartbeat.py ran successfully
[2025-07-31 07:17:26] log_always_on_heartbeat.py ran successfully
[2025-07-31 07:17:26] memory_folder_heartbeat.py ran successfully
[2025-07-31 07:17:26] voice_reminder_watcher.py is running.
[2025-07-31 07:20:37] log_github_heartbeat.py ran successfully
[2025-07-31 07:20:40] log_vpn_heartbeat.py ran successfully
[2025-07-31 07:20:41] log_sms_heartbeat.py ran successfully
[2025-07-31 07:20:42] log_perplexity_heartbeat.py ran successfully
[2025-07-31 07:20:48] daily_heartbeat_master.py ran successfully
[2025-07-31 07:20:48] daily_voice_reminder_master.py ran successfully
[2025-07-31 07:20:48] log_calendar_heartbeat.py ran successfully
[2025-07-31 07:20:48] === Cycle complete — sleeping 10 min ===
[2025-07-31 07:30:52] log_github_heartbeat.py ran successfully
[2025-07-31 07:30:55] log_vpn_heartbeat.py ran successfully
[2025-07-31 07:30:56] log_sms_heartbeat.py ran successfully
[2025-07-31 07:30:57] log_perplexity_heartbeat.py ran successfully
[2025-07-31 07:31:06] daily_heartbeat_master.py ran successfully
[2025-07-31 07:31:06] daily_voice_reminder_master.py ran successfully
[2025-07-31 07:31:07] log_calendar_heartbeat.py ran successfully
[2025-07-31 07:31:07] === Cycle complete — sleeping 10 min ===
[2025-07-31 07:41:11] log_github_heartbeat.py ran successfully
[2025-07-31 07:41:14] log_vpn_heartbeat.py ran successfully
[2025-07-31 07:41:16] log_sms_heartbeat.py ran successfully
[2025-07-31 07:41:16] log_perplexity_heartbeat.py ran successfully
[2025-07-31 07:41:24] daily_heartbeat_master.py ran successfully
[2025-07-31 07:41:24] daily_voice_reminder_master.py ran successfully
[2025-07-31 07:41:24] log_calendar_heartbeat.py ran successfully
[2025-07-31 07:41:24] === Cycle complete — sleeping 10 min ===
[2025-07-31 07:51:29] log_github_heartbeat.py ran successfully
[2025-07-31 07:51:33] log_vpn_heartbeat.py ran successfully
[2025-07-31 07:51:34] log_sms_heartbeat.py ran successfully
[2025-07-31 07:51:35] log_perplexity_heartbeat.py ran successfully
[2025-07-31 07:51:41] daily_heartbeat_master.py ran successfully
[2025-07-31 07:51:41] daily_voice_reminder_master.py ran successfully
[2025-07-31 07:51:41] log_calendar_heartbeat.py ran successfully
[2025-07-31 07:51:41] Running hourly logging audit...
[2025-07-31 07:51:41] Missing script: logging_audit_master.py
[2025-07-31 07:51:41] === Cycle complete — sleeping 10 min ===
[2025-07-31 08:01:45] log_github_heartbeat.py ran successfully
[2025-07-31 08:01:48] log_vpn_heartbeat.py ran successfully
[2025-07-31 08:01:48] log_sms_heartbeat.py ran successfully
[2025-07-31 08:01:49] log_perplexity_heartbeat.py ran successfully
[2025-07-31 08:01:51] daily_heartbeat_master.py ran successfully
[2025-07-31 08:01:51] daily_voice_reminder_master.py ran successfully
[2025-07-31 08:01:51] log_calendar_heartbeat.py ran successfully
[2025-07-31 08:01:51] === Cycle complete — sleeping 10 min ===
[2025-07-31 08:11:55] log_github_heartbeat.py ran successfully
[2025-07-31 08:11:58] log_vpn_heartbeat.py ran successfully
[2025-07-31 08:11:59] log_sms_heartbeat.py ran successfully
[2025-07-31 08:12:00] log_perplexity_heartbeat.py ran successfully
[2025-07-31 08:12:10] daily_heartbeat_master.py ran successfully
[2025-07-31 08:12:10] daily_voice_reminder_master.py ran successfully
[2025-07-31 08:12:10] log_calendar_heartbeat.py ran successfully
[2025-07-31 08:12:10] === Cycle complete — sleeping 10 min ===
[2025-07-31 08:17:30] log_github_heartbeat.py ran successfully
[2025-07-31 08:17:31] log_vpn_heartbeat.py ran successfully
[2025-07-31 08:17:32] log_sms_heartbeat.py ran successfully
[2025-07-31 08:17:33] log_perplexity_heartbeat.py ran successfully
[2025-07-31 08:17:33] log_system_health_heartbeat.py ran successfully
[2025-07-31 08:17:33] log_always_on_heartbeat.py ran successfully
[2025-07-31 08:17:33] memory_folder_heartbeat.py ran successfully
[2025-07-31 08:17:33] voice_reminder_watcher.py is running.
[2025-07-31 08:22:15] log_github_heartbeat.py ran successfully
[2025-07-31 08:22:19] log_vpn_heartbeat.py ran successfully
[2025-07-31 08:22:21] log_sms_heartbeat.py ran successfully
[2025-07-31 08:22:26] log_perplexity_heartbeat.py ran successfully
[2025-07-31 08:22:33] daily_heartbeat_master.py ran successfully
[2025-07-31 08:22:33] daily_voice_reminder_master.py ran successfully
[2025-07-31 08:22:33] log_calendar_heartbeat.py ran successfully
[2025-07-31 08:22:33] === Cycle complete — sleeping 10 min ===
[2025-07-31 08:32:37] log_github_heartbeat.py ran successfully
[2025-07-31 08:32:40] log_vpn_heartbeat.py ran successfully
[2025-07-31 08:32:41] log_sms_heartbeat.py ran successfully
[2025-07-31 08:32:41] log_perplexity_heartbeat.py ran successfully
[2025-07-31 08:32:47] daily_heartbeat_master.py ran successfully
[2025-07-31 08:32:47] daily_voice_reminder_master.py ran successfully
[2025-07-31 08:32:48] log_calendar_heartbeat.py ran successfully
[2025-07-31 08:32:48] === Cycle complete — sleeping 10 min ===
[2025-07-31 08:42:52] log_github_heartbeat.py ran successfully
[2025-07-31 08:42:55] log_vpn_heartbeat.py ran successfully
[2025-07-31 08:42:56] log_sms_heartbeat.py ran successfully
[2025-07-31 08:42:57] log_perplexity_heartbeat.py ran successfully
[2025-07-31 08:43:04] daily_heartbeat_master.py ran successfully
[2025-07-31 08:43:04] daily_voice_reminder_master.py ran successfully
[2025-07-31 08:43:04] log_calendar_heartbeat.py ran successfully
[2025-07-31 08:43:04] === Cycle complete — sleeping 10 min ===
[2025-07-31 08:53:09] log_github_heartbeat.py ran successfully
[2025-07-31 08:53:10] log_vpn_heartbeat.py ran successfully
[2025-07-31 08:53:11] log_sms_heartbeat.py ran successfully
[2025-07-31 08:53:12] log_perplexity_heartbeat.py ran successfully
[2025-07-31 08:53:17] daily_heartbeat_master.py ran successfully
[2025-07-31 08:53:17] daily_voice_reminder_master.py ran successfully
[2025-07-31 08:53:17] log_calendar_heartbeat.py ran successfully
[2025-07-31 08:53:17] Running hourly logging audit...
[2025-07-31 08:53:17] Missing script: logging_audit_master.py
[2025-07-31 08:53:17] === Cycle complete — sleeping 10 min ===
[2025-07-31 09:03:24] log_github_heartbeat.py ran successfully
[2025-07-31 09:03:29] log_vpn_heartbeat.py ran successfully
[2025-07-31 09:03:31] log_sms_heartbeat.py ran successfully
[2025-07-31 09:03:35] log_perplexity_heartbeat.py ran successfully
[2025-07-31 09:03:39] daily_heartbeat_master.py ran successfully
[2025-07-31 09:03:39] daily_voice_reminder_master.py ran successfully
[2025-07-31 09:03:39] log_calendar_heartbeat.py ran successfully
[2025-07-31 09:03:39] === Cycle complete — sleeping 10 min ===
[2025-07-31 09:13:44] log_github_heartbeat.py ran successfully
[2025-07-31 09:13:45] log_vpn_heartbeat.py ran successfully
[2025-07-31 09:13:47] log_sms_heartbeat.py ran successfully
[2025-07-31 09:13:48] log_perplexity_heartbeat.py ran successfully
[2025-07-31 09:13:53] daily_heartbeat_master.py ran successfully
[2025-07-31 09:13:53] daily_voice_reminder_master.py ran successfully
[2025-07-31 09:13:53] log_calendar_heartbeat.py ran successfully
[2025-07-31 09:13:53] === Cycle complete — sleeping 10 min ===
[2025-07-31 09:17:36] log_github_heartbeat.py ran successfully
[2025-07-31 09:17:38] log_vpn_heartbeat.py ran successfully
[2025-07-31 09:17:40] log_sms_heartbeat.py ran successfully
[2025-07-31 09:17:40] log_perplexity_heartbeat.py ran successfully
[2025-07-31 09:17:41] log_system_health_heartbeat.py ran successfully
[2025-07-31 09:17:41] log_always_on_heartbeat.py ran successfully
[2025-07-31 09:17:41] memory_folder_heartbeat.py ran successfully
[2025-07-31 09:17:41] voice_reminder_watcher.py is running.
[2025-07-31 09:23:57] log_github_heartbeat.py ran successfully
[2025-07-31 09:24:00] log_vpn_heartbeat.py ran successfully
[2025-07-31 09:24:01] log_sms_heartbeat.py ran successfully
[2025-07-31 09:24:04] log_perplexity_heartbeat.py ran successfully
[2025-07-31 09:24:13] daily_heartbeat_master.py ran successfully
[2025-07-31 09:24:13] daily_voice_reminder_master.py ran successfully
[2025-07-31 09:24:13] log_calendar_heartbeat.py ran successfully
[2025-07-31 09:24:13] === Cycle complete — sleeping 10 min ===
[2025-07-31 09:34:21] log_github_heartbeat.py ran successfully
[2025-07-31 09:34:27] log_vpn_heartbeat.py ran successfully
[2025-07-31 09:34:33] log_sms_heartbeat.py ran successfully
[2025-07-31 09:34:35] log_perplexity_heartbeat.py ran successfully
[2025-07-31 09:34:47] daily_heartbeat_master.py ran successfully
[2025-07-31 09:34:47] daily_voice_reminder_master.py ran successfully
[2025-07-31 09:34:47] log_calendar_heartbeat.py ran successfully
[2025-07-31 09:34:47] === Cycle complete — sleeping 10 min ===
[2025-07-31 09:44:53] log_github_heartbeat.py ran successfully
[2025-07-31 09:44:54] log_vpn_heartbeat.py ran successfully
[2025-07-31 09:44:56] log_sms_heartbeat.py ran successfully
[2025-07-31 09:44:57] log_perplexity_heartbeat.py ran successfully
[2025-07-31 09:45:01] daily_heartbeat_master.py ran successfully
[2025-07-31 09:45:01] daily_voice_reminder_master.py ran successfully
[2025-07-31 09:45:02] log_calendar_heartbeat.py ran successfully
[2025-07-31 09:45:02] === Cycle complete — sleeping 10 min ===
[2025-07-31 09:55:09] log_github_heartbeat.py ran successfully
[2025-07-31 09:55:12] log_vpn_heartbeat.py ran successfully
[2025-07-31 09:55:13] log_sms_heartbeat.py ran successfully
[2025-07-31 09:55:14] log_perplexity_heartbeat.py ran successfully
[2025-07-31 09:55:20] daily_heartbeat_master.py ran successfully
[2025-07-31 09:55:20] daily_voice_reminder_master.py ran successfully
[2025-07-31 09:55:20] log_calendar_heartbeat.py ran successfully
[2025-07-31 09:55:20] Running hourly logging audit...
[2025-07-31 09:55:20] Missing script: logging_audit_master.py
[2025-07-31 09:55:20] === Cycle complete — sleeping 10 min ===
[2025-07-31 10:05:25] log_github_heartbeat.py ran successfully
[2025-07-31 10:05:29] log_vpn_heartbeat.py ran successfully
[2025-07-31 10:05:30] log_sms_heartbeat.py ran successfully
[2025-07-31 10:05:31] log_perplexity_heartbeat.py ran successfully
[2025-07-31 10:05:36] daily_heartbeat_master.py ran successfully
[2025-07-31 10:05:36] daily_voice_reminder_master.py ran successfully
[2025-07-31 10:05:37] log_calendar_heartbeat.py ran successfully
[2025-07-31 10:05:37] === Cycle complete — sleeping 10 min ===
[2025-07-31 10:15:47] log_github_heartbeat.py ran successfully
[2025-07-31 10:15:51] log_vpn_heartbeat.py ran successfully
[2025-07-31 10:15:54] log_sms_heartbeat.py ran successfully
[2025-07-31 10:15:58] log_perplexity_heartbeat.py ran successfully
[2025-07-31 10:16:16] daily_heartbeat_master.py ran successfully
[2025-07-31 10:16:16] daily_voice_reminder_master.py ran successfully
[2025-07-31 10:16:16] log_calendar_heartbeat.py ran successfully
[2025-07-31 10:16:16] === Cycle complete — sleeping 10 min ===
[2025-07-31 10:17:45] log_github_heartbeat.py ran successfully
[2025-07-31 10:17:48] log_vpn_heartbeat.py ran successfully
[2025-07-31 10:17:49] log_sms_heartbeat.py ran successfully
[2025-07-31 10:17:50] log_perplexity_heartbeat.py ran successfully
[2025-07-31 10:17:50] log_system_health_heartbeat.py ran successfully
[2025-07-31 10:17:50] log_always_on_heartbeat.py ran successfully
[2025-07-31 10:17:51] memory_folder_heartbeat.py ran successfully
[2025-07-31 10:17:51] voice_reminder_watcher.py is running.
[2025-07-31 10:26:22] log_github_heartbeat.py ran successfully
[2025-07-31 10:26:26] log_vpn_heartbeat.py ran successfully
[2025-07-31 10:26:28] log_sms_heartbeat.py ran successfully
[2025-07-31 10:26:29] log_perplexity_heartbeat.py ran successfully
[2025-07-31 10:26:38] daily_heartbeat_master.py ran successfully
[2025-07-31 10:26:38] daily_voice_reminder_master.py ran successfully
[2025-07-31 10:26:38] log_calendar_heartbeat.py ran successfully
[2025-07-31 10:26:38] === Cycle complete — sleeping 10 min ===
[2025-07-31 10:36:44] log_github_heartbeat.py ran successfully
[2025-07-31 10:36:46] log_vpn_heartbeat.py ran successfully
[2025-07-31 10:36:48] log_sms_heartbeat.py ran successfully
[2025-07-31 10:36:49] log_perplexity_heartbeat.py ran successfully
[2025-07-31 10:36:55] daily_heartbeat_master.py ran successfully
[2025-07-31 10:36:55] daily_voice_reminder_master.py ran successfully
[2025-07-31 10:36:55] log_calendar_heartbeat.py ran successfully
[2025-07-31 10:36:55] === Cycle complete — sleeping 10 min ===
[2025-07-31 10:46:59] log_github_heartbeat.py ran successfully
[2025-07-31 10:47:06] log_vpn_heartbeat.py ran successfully
[2025-07-31 10:47:11] log_sms_heartbeat.py ran successfully
[2025-07-31 10:47:13] log_perplexity_heartbeat.py ran successfully
[2025-07-31 10:47:18] daily_heartbeat_master.py ran successfully
[2025-07-31 10:47:18] daily_voice_reminder_master.py ran successfully
[2025-07-31 10:47:18] log_calendar_heartbeat.py ran successfully
[2025-07-31 10:47:18] === Cycle complete — sleeping 10 min ===
[2025-07-31 10:57:23] log_github_heartbeat.py ran successfully
[2025-07-31 10:57:28] log_vpn_heartbeat.py ran successfully
[2025-07-31 10:57:29] log_sms_heartbeat.py ran successfully
[2025-07-31 10:57:30] log_perplexity_heartbeat.py ran successfully
[2025-07-31 10:57:36] daily_heartbeat_master.py ran successfully
[2025-07-31 10:57:37] daily_voice_reminder_master.py ran successfully
[2025-07-31 10:57:37] log_calendar_heartbeat.py ran successfully
[2025-07-31 10:57:37] Running hourly logging audit...
[2025-07-31 10:57:37] Missing script: logging_audit_master.py
[2025-07-31 10:57:37] === Cycle complete — sleeping 10 min ===
[2025-07-31 11:07:42] log_github_heartbeat.py ran successfully
[2025-07-31 11:07:47] log_vpn_heartbeat.py ran successfully
[2025-07-31 11:07:48] log_sms_heartbeat.py ran successfully
[2025-07-31 11:07:53] log_perplexity_heartbeat.py ran successfully
[2025-07-31 11:08:01] daily_heartbeat_master.py ran successfully
[2025-07-31 11:08:06] daily_voice_reminder_master.py ran successfully
[2025-07-31 11:08:06] log_calendar_heartbeat.py ran successfully
[2025-07-31 11:08:06] === Cycle complete — sleeping 10 min ===
[2025-07-31 11:17:53] log_github_heartbeat.py ran successfully
[2025-07-31 11:17:54] log_vpn_heartbeat.py ran successfully
[2025-07-31 11:17:55] log_sms_heartbeat.py ran successfully
[2025-07-31 11:17:57] log_perplexity_heartbeat.py ran successfully
[2025-07-31 11:17:57] log_system_health_heartbeat.py ran successfully
[2025-07-31 11:17:57] log_always_on_heartbeat.py ran successfully
[2025-07-31 11:17:57] memory_folder_heartbeat.py ran successfully
[2025-07-31 11:17:57] voice_reminder_watcher.py is running.
[2025-07-31 11:18:15] log_github_heartbeat.py ran successfully
[2025-07-31 11:18:20] log_vpn_heartbeat.py ran successfully
[2025-07-31 11:18:21] log_sms_heartbeat.py ran successfully
[2025-07-31 11:18:21] log_perplexity_heartbeat.py ran successfully
[2025-07-31 11:18:28] daily_heartbeat_master.py ran successfully
[2025-07-31 11:18:30] daily_voice_reminder_master.py ran successfully
[2025-07-31 11:18:30] log_calendar_heartbeat.py ran successfully
[2025-07-31 11:18:30] === Cycle complete — sleeping 10 min ===
[2025-07-31 11:28:35] log_github_heartbeat.py ran successfully
[2025-07-31 11:28:38] log_vpn_heartbeat.py ran successfully
[2025-07-31 11:28:38] log_sms_heartbeat.py ran successfully
[2025-07-31 11:28:39] log_perplexity_heartbeat.py ran successfully
[2025-07-31 11:28:41] daily_heartbeat_master.py ran successfully
[2025-07-31 11:28:44] daily_voice_reminder_master.py ran successfully
[2025-07-31 11:28:44] log_calendar_heartbeat.py ran successfully
[2025-07-31 11:28:44] === Cycle complete — sleeping 10 min ===
[2025-07-31 11:38:48] log_github_heartbeat.py ran successfully
[2025-07-31 11:38:52] log_vpn_heartbeat.py ran successfully
[2025-07-31 11:38:53] log_sms_heartbeat.py ran successfully
[2025-07-31 11:38:54] log_perplexity_heartbeat.py ran successfully
[2025-07-31 11:38:59] daily_heartbeat_master.py ran successfully
[2025-07-31 11:39:02] daily_voice_reminder_master.py ran successfully
[2025-07-31 11:39:02] log_calendar_heartbeat.py ran successfully
[2025-07-31 11:39:02] === Cycle complete — sleeping 10 min ===
[2025-07-31 11:49:10] log_github_heartbeat.py ran successfully
[2025-07-31 11:49:14] log_vpn_heartbeat.py ran successfully
[2025-07-31 11:49:15] log_sms_heartbeat.py ran successfully
[2025-07-31 11:49:17] log_perplexity_heartbeat.py ran successfully
[2025-07-31 11:49:29] daily_heartbeat_master.py ran successfully
[2025-07-31 11:49:32] daily_voice_reminder_master.py ran successfully
[2025-07-31 11:49:32] log_calendar_heartbeat.py ran successfully
[2025-07-31 11:49:32] === Cycle complete — sleeping 10 min ===
[2025-07-31 11:59:38] log_github_heartbeat.py ran successfully
[2025-07-31 11:59:39] log_vpn_heartbeat.py ran successfully
[2025-07-31 11:59:40] log_sms_heartbeat.py ran successfully
[2025-07-31 11:59:41] log_perplexity_heartbeat.py ran successfully
[2025-07-31 11:59:45] daily_heartbeat_master.py ran successfully
[2025-07-31 11:59:47] daily_voice_reminder_master.py ran successfully
[2025-07-31 11:59:47] log_calendar_heartbeat.py ran successfully
[2025-07-31 11:59:47] Running hourly logging audit...
[2025-07-31 11:59:47] Missing script: logging_audit_master.py
[2025-07-31 11:59:47] === Cycle complete — sleeping 10 min ===
[2025-07-31 12:09:56] log_github_heartbeat.py ran successfully
[2025-07-31 12:10:07] log_vpn_heartbeat.py ran successfully
[2025-07-31 12:10:16] log_sms_heartbeat.py ran successfully
[2025-07-31 12:10:19] log_perplexity_heartbeat.py ran successfully
[2025-07-31 12:10:41] daily_heartbeat_master.py ran successfully
[2025-07-31 12:10:41] daily_voice_reminder_master.py ran successfully
[2025-07-31 12:10:41] log_calendar_heartbeat.py ran successfully
[2025-07-31 12:10:41] === Cycle complete — sleeping 10 min ===
[2025-07-31 12:18:00] log_github_heartbeat.py ran successfully
[2025-07-31 12:18:00] log_vpn_heartbeat.py ran successfully
[2025-07-31 12:18:03] log_sms_heartbeat.py ran successfully
[2025-07-31 12:18:05] log_perplexity_heartbeat.py ran successfully
[2025-07-31 12:18:05] log_system_health_heartbeat.py ran successfully
[2025-07-31 12:18:05] log_always_on_heartbeat.py ran successfully
[2025-07-31 12:18:05] memory_folder_heartbeat.py ran successfully
[2025-07-31 12:18:05] voice_reminder_watcher.py is running.
[2025-07-31 12:20:53] log_github_heartbeat.py ran successfully
[2025-07-31 12:20:59] log_vpn_heartbeat.py ran successfully
[2025-07-31 12:21:02] log_sms_heartbeat.py ran successfully
[2025-07-31 12:21:07] log_perplexity_heartbeat.py ran successfully
[2025-07-31 12:21:15] daily_heartbeat_master.py ran successfully
[2025-07-31 12:21:15] daily_voice_reminder_master.py ran successfully
[2025-07-31 12:21:15] log_calendar_heartbeat.py ran successfully
[2025-07-31 12:21:15] === Cycle complete — sleeping 10 min ===
[2025-07-31 12:31:22] log_github_heartbeat.py ran successfully
[2025-07-31 12:31:26] log_vpn_heartbeat.py ran successfully
[2025-07-31 12:31:27] log_sms_heartbeat.py ran successfully
[2025-07-31 12:31:29] log_perplexity_heartbeat.py ran successfully
[2025-07-31 12:31:35] daily_heartbeat_master.py ran successfully
[2025-07-31 12:31:35] daily_voice_reminder_master.py ran successfully
[2025-07-31 12:31:35] log_calendar_heartbeat.py ran successfully
[2025-07-31 12:31:35] === Cycle complete — sleeping 10 min ===
[2025-07-31 12:41:39] log_github_heartbeat.py ran successfully
[2025-07-31 12:41:42] log_vpn_heartbeat.py ran successfully
[2025-07-31 12:41:43] log_sms_heartbeat.py ran successfully
[2025-07-31 12:41:43] log_perplexity_heartbeat.py ran successfully
[2025-07-31 12:41:48] daily_heartbeat_master.py ran successfully
[2025-07-31 12:41:49] daily_voice_reminder_master.py ran successfully
[2025-07-31 12:41:49] log_calendar_heartbeat.py ran successfully
[2025-07-31 12:41:49] === Cycle complete — sleeping 10 min ===
[2025-07-31 12:51:53] log_github_heartbeat.py ran successfully
[2025-07-31 12:51:57] log_vpn_heartbeat.py ran successfully
[2025-07-31 12:51:58] log_sms_heartbeat.py ran successfully
[2025-07-31 12:51:59] log_perplexity_heartbeat.py ran successfully
[2025-07-31 12:52:08] daily_heartbeat_master.py ran successfully
[2025-07-31 12:52:08] daily_voice_reminder_master.py ran successfully
[2025-07-31 12:52:08] log_calendar_heartbeat.py ran successfully
[2025-07-31 12:52:08] === Cycle complete — sleeping 10 min ===
[2025-07-31 13:02:19] log_github_heartbeat.py ran successfully
[2025-07-31 13:02:23] log_vpn_heartbeat.py ran successfully
[2025-07-31 13:02:25] log_sms_heartbeat.py ran successfully
[2025-07-31 13:02:26] log_perplexity_heartbeat.py ran successfully
[2025-07-31 13:02:34] daily_heartbeat_master.py ran successfully
[2025-07-31 13:02:34] daily_voice_reminder_master.py ran successfully
[2025-07-31 13:02:34] log_calendar_heartbeat.py ran successfully
[2025-07-31 13:02:34] Running hourly logging audit...
[2025-07-31 13:02:35] Missing script: logging_audit_master.py
[2025-07-31 13:02:35] === Cycle complete — sleeping 10 min ===
[2025-07-31 13:12:40] log_github_heartbeat.py ran successfully
[2025-07-31 13:12:44] log_vpn_heartbeat.py ran successfully
[2025-07-31 13:12:45] log_sms_heartbeat.py ran successfully
[2025-07-31 13:12:46] log_perplexity_heartbeat.py ran successfully
[2025-07-31 13:12:51] daily_heartbeat_master.py ran successfully
[2025-07-31 13:12:51] daily_voice_reminder_master.py ran successfully
[2025-07-31 13:12:52] log_calendar_heartbeat.py ran successfully
[2025-07-31 13:12:52] === Cycle complete — sleeping 10 min ===
[2025-07-31 13:18:08] log_github_heartbeat.py ran successfully
[2025-07-31 13:18:09] log_vpn_heartbeat.py ran successfully
[2025-07-31 13:18:11] log_sms_heartbeat.py ran successfully
[2025-07-31 13:18:12] log_perplexity_heartbeat.py ran successfully
[2025-07-31 13:18:12] log_system_health_heartbeat.py ran successfully
[2025-07-31 13:18:12] log_always_on_heartbeat.py ran successfully
[2025-07-31 13:18:12] memory_folder_heartbeat.py ran successfully
[2025-07-31 13:18:12] voice_reminder_watcher.py is running.
[2025-07-31 13:22:56] log_github_heartbeat.py ran successfully
[2025-07-31 13:23:02] log_vpn_heartbeat.py ran successfully
[2025-07-31 13:23:11] log_sms_heartbeat.py ran successfully
[2025-07-31 13:23:14] log_perplexity_heartbeat.py ran successfully
[2025-07-31 13:23:22] daily_heartbeat_master.py ran successfully
[2025-07-31 13:23:22] daily_voice_reminder_master.py ran successfully
[2025-07-31 13:23:22] log_calendar_heartbeat.py ran successfully
[2025-07-31 13:23:22] === Cycle complete — sleeping 10 min ===
[2025-07-31 13:33:30] log_github_heartbeat.py ran successfully
[2025-07-31 13:33:33] log_vpn_heartbeat.py ran successfully
[2025-07-31 13:33:34] log_sms_heartbeat.py ran successfully
[2025-07-31 13:33:35] log_perplexity_heartbeat.py ran successfully
[2025-07-31 13:33:42] daily_heartbeat_master.py ran successfully
[2025-07-31 13:33:42] daily_voice_reminder_master.py ran successfully
[2025-07-31 13:33:42] log_calendar_heartbeat.py ran successfully
[2025-07-31 13:33:42] === Cycle complete — sleeping 10 min ===
[2025-07-31 13:43:54] log_github_heartbeat.py ran successfully
[2025-07-31 13:44:01] log_vpn_heartbeat.py ran successfully
[2025-07-31 13:44:12] log_sms_heartbeat.py ran successfully
[2025-07-31 13:44:14] log_perplexity_heartbeat.py ran successfully
[2025-07-31 13:44:27] daily_heartbeat_master.py ran successfully
[2025-07-31 13:44:28] daily_voice_reminder_master.py ran successfully
[2025-07-31 13:44:28] log_calendar_heartbeat.py ran successfully
[2025-07-31 13:44:28] === Cycle complete — sleeping 10 min ===
[2025-07-31 13:54:37] log_github_heartbeat.py ran successfully
[2025-07-31 13:54:45] log_vpn_heartbeat.py ran successfully
[2025-07-31 13:54:51] log_sms_heartbeat.py ran successfully
[2025-07-31 13:54:54] log_perplexity_heartbeat.py ran successfully
[2025-07-31 13:55:05] daily_heartbeat_master.py ran successfully
[2025-07-31 13:55:05] daily_voice_reminder_master.py ran successfully
[2025-07-31 13:55:05] log_calendar_heartbeat.py ran successfully
[2025-07-31 13:55:06] === Cycle complete — sleeping 10 min ===
[2025-07-31 14:05:14] log_github_heartbeat.py ran successfully
[2025-07-31 14:05:18] log_vpn_heartbeat.py ran successfully
[2025-07-31 14:05:19] log_sms_heartbeat.py ran successfully
[2025-07-31 14:05:19] log_perplexity_heartbeat.py ran successfully
[2025-07-31 14:05:27] daily_heartbeat_master.py ran successfully
[2025-07-31 14:05:27] daily_voice_reminder_master.py ran successfully
[2025-07-31 14:05:27] log_calendar_heartbeat.py ran successfully
[2025-07-31 14:05:27] Running hourly logging audit...
[2025-07-31 14:05:27] Missing script: logging_audit_master.py
[2025-07-31 14:05:27] === Cycle complete — sleeping 10 min ===
[2025-07-31 14:15:38] log_github_heartbeat.py ran successfully
[2025-07-31 14:15:39] log_vpn_heartbeat.py ran successfully
[2025-07-31 14:15:40] log_sms_heartbeat.py ran successfully
[2025-07-31 14:15:41] log_perplexity_heartbeat.py ran successfully
[2025-07-31 14:15:45] daily_heartbeat_master.py ran successfully
[2025-07-31 14:15:45] daily_voice_reminder_master.py ran successfully
[2025-07-31 14:15:45] log_calendar_heartbeat.py ran successfully
[2025-07-31 14:15:45] === Cycle complete — sleeping 10 min ===
[2025-07-31 14:18:16] log_github_heartbeat.py ran successfully
[2025-07-31 14:18:19] log_vpn_heartbeat.py ran successfully
[2025-07-31 14:18:20] log_sms_heartbeat.py ran successfully
[2025-07-31 14:18:21] log_perplexity_heartbeat.py ran successfully
[2025-07-31 14:18:21] log_system_health_heartbeat.py ran successfully
[2025-07-31 14:18:21] log_always_on_heartbeat.py ran successfully
[2025-07-31 14:18:21] memory_folder_heartbeat.py ran successfully
[2025-07-31 14:18:21] voice_reminder_watcher.py is running.
[2025-07-31 14:25:53] log_github_heartbeat.py ran successfully
[2025-07-31 14:25:58] log_vpn_heartbeat.py ran successfully
[2025-07-31 14:26:00] log_sms_heartbeat.py ran successfully
[2025-07-31 14:26:08] log_perplexity_heartbeat.py ran successfully
[2025-07-31 14:26:13] daily_heartbeat_master.py ran successfully
[2025-07-31 14:26:13] daily_voice_reminder_master.py ran successfully
[2025-07-31 14:26:13] log_calendar_heartbeat.py ran successfully
[2025-07-31 14:26:13] === Cycle complete — sleeping 10 min ===
[2025-07-31 14:36:39] log_github_heartbeat.py ran successfully
[2025-07-31 14:37:08] log_vpn_heartbeat.py ran successfully
[2025-07-31 14:37:15] log_sms_heartbeat.py ran successfully
[2025-07-31 14:37:20] log_perplexity_heartbeat.py ran successfully
[2025-07-31 14:37:30] daily_heartbeat_master.py ran successfully
[2025-07-31 14:37:30] daily_voice_reminder_master.py ran successfully
[2025-07-31 14:37:30] log_calendar_heartbeat.py ran successfully
[2025-07-31 14:37:30] === Cycle complete — sleeping 10 min ===
[2025-07-31 16:16:46] === Heartbeat Scheduler Loop Started (10 min interval) ===
[2025-07-31 16:17:39] log_github_heartbeat.py ran successfully
[2025-07-31 16:18:30] log_vpn_heartbeat.py ran successfully
[2025-07-31 16:18:53] log_sms_heartbeat.py ran successfully
[2025-07-31 16:19:42] log_perplexity_heartbeat.py ran successfully
[2025-07-31 16:19:42] log_fitness_heartbeat.py ran successfully
[2025-07-31 16:19:43] log_geofence_heartbeat.py ran successfully
[2025-07-31 16:19:44] log_voice_reminder_heartbeat.py ran successfully
[2025-07-31 16:19:44] === Heartbeat cycle complete ===
[2025-07-31 16:30:39] log_github_heartbeat.py ran successfully
[2025-07-31 16:30:56] log_vpn_heartbeat.py ran successfully
[2025-07-31 16:31:51] log_sms_heartbeat.py ran successfully
[2025-07-31 16:32:01] log_perplexity_heartbeat.py ran successfully
[2025-07-31 16:32:02] log_fitness_heartbeat.py ran successfully
[2025-07-31 16:32:03] log_geofence_heartbeat.py ran successfully
[2025-07-31 16:32:04] log_voice_reminder_heartbeat.py ran successfully
[2025-07-31 16:32:04] === Heartbeat cycle complete ===
[2025-07-31 16:42:51] log_github_heartbeat.py ran successfully
[2025-07-31 16:43:01] log_vpn_heartbeat.py ran successfully
[2025-07-31 16:43:15] log_sms_heartbeat.py ran successfully
[2025-07-31 16:43:59] log_perplexity_heartbeat.py ran successfully
[2025-07-31 16:44:00] log_fitness_heartbeat.py ran successfully
[2025-07-31 16:44:01] log_geofence_heartbeat.py ran successfully
[2025-07-31 16:44:02] log_voice_reminder_heartbeat.py ran successfully
[2025-07-31 16:44:02] === Heartbeat cycle complete ===
[2025-07-31 16:54:49] log_github_heartbeat.py ran successfully
[2025-07-31 16:54:59] log_vpn_heartbeat.py ran successfully
[2025-07-31 16:55:11] log_sms_heartbeat.py ran successfully
[2025-07-31 16:56:00] log_perplexity_heartbeat.py ran successfully
[2025-07-31 16:56:01] log_fitness_heartbeat.py ran successfully
[2025-07-31 16:56:02] log_geofence_heartbeat.py ran successfully
[2025-07-31 16:56:03] log_voice_reminder_heartbeat.py ran successfully
[2025-07-31 16:56:03] === Heartbeat cycle complete ===
[2025-07-31 17:06:53] log_github_heartbeat.py ran successfully
[2025-07-31 17:07:04] log_vpn_heartbeat.py ran successfully
[2025-07-31 17:07:15] log_sms_heartbeat.py ran successfully
[2025-07-31 17:08:37] log_perplexity_heartbeat.py ran successfully
[2025-07-31 17:08:39] log_fitness_heartbeat.py ran successfully
[2025-07-31 17:08:41] log_geofence_heartbeat.py ran successfully
[2025-07-31 17:08:43] log_voice_reminder_heartbeat.py ran successfully
[2025-07-31 17:08:43] === Heartbeat cycle complete ===
[2025-07-31 17:19:54] log_github_heartbeat.py ran successfully
[2025-07-31 17:21:18] log_vpn_heartbeat.py ran successfully
[2025-07-31 17:21:52] log_sms_heartbeat.py ran successfully
[2025-07-31 17:22:19] log_perplexity_heartbeat.py ran successfully
[2025-07-31 17:22:20] log_fitness_heartbeat.py ran successfully
[2025-07-31 17:22:21] log_geofence_heartbeat.py ran successfully
[2025-07-31 17:22:22] log_voice_reminder_heartbeat.py ran successfully
[2025-07-31 17:22:22] === Heartbeat cycle complete ===
[2025-07-31 17:32:49] log_github_heartbeat.py ran successfully
[2025-07-31 17:33:24] log_vpn_heartbeat.py ran successfully
[2025-07-31 17:33:35] log_sms_heartbeat.py ran successfully
[2025-07-31 17:33:59] log_perplexity_heartbeat.py ran successfully
[2025-07-31 17:34:00] log_fitness_heartbeat.py ran successfully
[2025-07-31 17:34:01] log_geofence_heartbeat.py ran successfully
[2025-07-31 17:34:02] log_voice_reminder_heartbeat.py ran successfully
[2025-07-31 17:34:02] === Heartbeat cycle complete ===
[2025-07-31 17:44:51] log_github_heartbeat.py ran successfully
[2025-07-31 17:45:02] log_vpn_heartbeat.py ran successfully
[2025-07-31 17:45:13] log_sms_heartbeat.py ran successfully
[2025-07-31 17:46:01] log_perplexity_heartbeat.py ran successfully
[2025-07-31 17:46:02] log_fitness_heartbeat.py ran successfully
[2025-07-31 17:46:03] log_geofence_heartbeat.py ran successfully
[2025-07-31 17:46:04] log_voice_reminder_heartbeat.py ran successfully
[2025-07-31 17:46:04] === Heartbeat cycle complete ===
[2025-07-31 17:56:55] log_github_heartbeat.py ran successfully
[2025-07-31 17:57:06] log_vpn_heartbeat.py ran successfully
[2025-07-31 17:57:29] log_sms_heartbeat.py ran successfully
[2025-07-31 17:58:07] log_perplexity_heartbeat.py ran successfully
[2025-07-31 17:58:08] log_fitness_heartbeat.py ran successfully
[2025-07-31 17:58:09] log_geofence_heartbeat.py ran successfully
[2025-07-31 17:58:10] log_voice_reminder_heartbeat.py ran successfully
[2025-07-31 17:58:10] === Heartbeat cycle complete ===
[2025-07-31 18:09:02] log_github_heartbeat.py ran successfully
[2025-07-31 18:09:14] log_vpn_heartbeat.py ran successfully
[2025-07-31 18:09:43] log_sms_heartbeat.py ran successfully
[2025-07-31 18:10:11] log_perplexity_heartbeat.py ran successfully
[2025-07-31 18:10:11] log_fitness_heartbeat.py ran successfully
[2025-07-31 18:10:12] log_geofence_heartbeat.py ran successfully
[2025-07-31 18:10:13] log_voice_reminder_heartbeat.py ran successfully
[2025-07-31 18:10:13] === Heartbeat cycle complete ===
[2025-07-31 18:21:02] log_github_heartbeat.py ran successfully
[2025-07-31 18:21:13] log_vpn_heartbeat.py ran successfully
[2025-07-31 18:21:26] log_sms_heartbeat.py ran successfully
[2025-07-31 18:22:15] log_perplexity_heartbeat.py ran successfully
[2025-07-31 18:22:16] log_fitness_heartbeat.py ran successfully
[2025-07-31 18:22:17] log_geofence_heartbeat.py ran successfully
[2025-07-31 18:22:17] log_voice_reminder_heartbeat.py ran successfully
[2025-07-31 18:22:17] === Heartbeat cycle complete ===
[2025-07-31 18:33:07] log_github_heartbeat.py ran successfully
[2025-07-31 18:33:17] log_vpn_heartbeat.py ran successfully
[2025-07-31 18:33:31] log_sms_heartbeat.py ran successfully
[2025-07-31 18:34:17] log_perplexity_heartbeat.py ran successfully
[2025-07-31 18:34:17] log_fitness_heartbeat.py ran successfully
[2025-07-31 18:34:18] log_geofence_heartbeat.py ran successfully
[2025-07-31 18:34:19] log_voice_reminder_heartbeat.py ran successfully
[2025-07-31 18:34:19] === Heartbeat cycle complete ===
[2025-07-31 18:45:10] log_github_heartbeat.py ran successfully
[2025-07-31 18:45:20] log_vpn_heartbeat.py ran successfully
[2025-07-31 18:45:36] log_sms_heartbeat.py ran successfully
[2025-07-31 18:46:22] log_perplexity_heartbeat.py ran successfully
[2025-07-31 18:46:23] log_fitness_heartbeat.py ran successfully
[2025-07-31 18:46:24] log_geofence_heartbeat.py ran successfully
[2025-07-31 18:46:24] log_voice_reminder_heartbeat.py ran successfully
[2025-07-31 18:46:24] === Heartbeat cycle complete ===
[2025-07-31 18:57:16] log_github_heartbeat.py ran successfully
[2025-07-31 18:57:27] log_vpn_heartbeat.py ran successfully
[2025-07-31 18:58:00] log_sms_heartbeat.py ran successfully
[2025-07-31 18:58:29] log_perplexity_heartbeat.py ran successfully
[2025-07-31 18:58:30] log_fitness_heartbeat.py ran successfully
[2025-07-31 18:58:31] log_geofence_heartbeat.py ran successfully
[2025-07-31 18:58:32] log_voice_reminder_heartbeat.py ran successfully
[2025-07-31 18:58:32] === Heartbeat cycle complete ===
[2025-07-31 19:09:22] log_github_heartbeat.py ran successfully
[2025-07-31 19:09:33] log_vpn_heartbeat.py ran successfully
[2025-07-31 19:09:49] log_sms_heartbeat.py ran successfully
[2025-07-31 19:10:35] log_perplexity_heartbeat.py ran successfully
[2025-07-31 19:10:36] log_fitness_heartbeat.py ran successfully
[2025-07-31 19:10:38] log_geofence_heartbeat.py ran successfully
[2025-07-31 19:10:40] log_voice_reminder_heartbeat.py ran successfully
[2025-07-31 19:10:40] === Heartbeat cycle complete ===
[2025-07-31 19:21:33] log_github_heartbeat.py ran successfully
[2025-07-31 19:23:12] log_vpn_heartbeat.py ran successfully
[2025-07-31 19:23:49] log_sms_heartbeat.py ran successfully
[2025-07-31 19:24:11] log_perplexity_heartbeat.py ran successfully
[2025-07-31 19:24:11] log_fitness_heartbeat.py ran successfully
[2025-07-31 19:24:12] log_geofence_heartbeat.py ran successfully
[2025-07-31 19:24:13] log_voice_reminder_heartbeat.py ran successfully
[2025-07-31 19:24:13] === Heartbeat cycle complete ===
[2025-07-31 19:34:57] log_github_heartbeat.py ran successfully
[2025-07-31 19:35:22] log_vpn_heartbeat.py ran successfully
[2025-07-31 19:35:57] log_sms_heartbeat.py ran successfully
[2025-07-31 19:36:11] log_perplexity_heartbeat.py ran successfully
[2025-07-31 19:36:11] log_fitness_heartbeat.py ran successfully
[2025-07-31 19:36:12] log_geofence_heartbeat.py ran successfully
[2025-07-31 19:36:13] log_voice_reminder_heartbeat.py ran successfully
[2025-07-31 19:36:13] === Heartbeat cycle complete ===
[2025-07-31 19:47:04] log_github_heartbeat.py ran successfully
[2025-07-31 19:47:16] log_vpn_heartbeat.py ran successfully
[2025-07-31 19:48:07] log_sms_heartbeat.py ran successfully
[2025-07-31 19:48:19] log_perplexity_heartbeat.py ran successfully
[2025-07-31 19:48:20] log_fitness_heartbeat.py ran successfully
[2025-07-31 19:48:20] log_geofence_heartbeat.py ran successfully
[2025-07-31 19:48:21] log_voice_reminder_heartbeat.py ran successfully
[2025-07-31 19:48:21] === Heartbeat cycle complete ===
[2025-07-31 19:59:14] log_github_heartbeat.py ran successfully
[2025-07-31 19:59:24] log_vpn_heartbeat.py ran successfully
[2025-07-31 19:59:44] log_sms_heartbeat.py ran successfully
[2025-07-31 20:00:25] log_perplexity_heartbeat.py ran successfully
[2025-07-31 20:00:26] log_fitness_heartbeat.py ran successfully
[2025-07-31 20:00:27] log_geofence_heartbeat.py ran successfully
[2025-07-31 20:00:28] log_voice_reminder_heartbeat.py ran successfully
[2025-07-31 20:00:28] === Heartbeat cycle complete ===
[2025-07-31 20:11:19] log_github_heartbeat.py ran successfully
[2025-07-31 20:11:29] log_vpn_heartbeat.py ran successfully
[2025-07-31 20:11:45] log_sms_heartbeat.py ran successfully
[2025-07-31 20:12:29] log_perplexity_heartbeat.py ran successfully
[2025-07-31 20:12:29] log_fitness_heartbeat.py ran successfully
[2025-07-31 20:12:30] log_geofence_heartbeat.py ran successfully
[2025-07-31 20:12:31] log_voice_reminder_heartbeat.py ran successfully
[2025-07-31 20:12:31] === Heartbeat cycle complete ===
[2025-07-31 20:23:21] log_github_heartbeat.py ran successfully
[2025-07-31 20:23:31] log_vpn_heartbeat.py ran successfully
[2025-07-31 20:23:43] log_sms_heartbeat.py ran successfully
[2025-07-31 20:24:33] log_perplexity_heartbeat.py ran successfully
[2025-07-31 20:24:34] log_fitness_heartbeat.py ran successfully
[2025-07-31 20:24:35] log_geofence_heartbeat.py ran successfully
[2025-07-31 20:24:36] log_voice_reminder_heartbeat.py ran successfully
[2025-07-31 20:24:36] === Heartbeat cycle complete ===
[2025-07-31 20:35:28] log_github_heartbeat.py ran successfully
[2025-07-31 20:35:39] log_vpn_heartbeat.py ran successfully
[2025-07-31 20:36:01] log_sms_heartbeat.py ran successfully
[2025-07-31 20:36:39] log_perplexity_heartbeat.py ran successfully
[2025-07-31 20:36:40] log_fitness_heartbeat.py ran successfully
[2025-07-31 20:36:41] log_geofence_heartbeat.py ran successfully
[2025-07-31 20:36:42] log_voice_reminder_heartbeat.py ran successfully
[2025-07-31 20:36:42] === Heartbeat cycle complete ===
[2025-07-31 20:47:33] log_github_heartbeat.py ran successfully
[2025-07-31 20:47:43] log_vpn_heartbeat.py ran successfully
[2025-07-31 20:48:05] log_sms_heartbeat.py ran successfully
[2025-07-31 20:48:44] log_perplexity_heartbeat.py ran successfully
[2025-07-31 20:48:45] log_fitness_heartbeat.py ran successfully
[2025-07-31 20:48:46] log_geofence_heartbeat.py ran successfully
[2025-07-31 20:48:47] log_voice_reminder_heartbeat.py ran successfully
[2025-07-31 20:48:47] === Heartbeat cycle complete ===
