[2025-07-30 23:01:47.870296] Memory folder scan complete.
Total files: 347
Last modified file: /home/rafa1215/consensus-project/memory/logs/system/heartbeat_scheduler.log
Last modified time: 2025-07-30 23:01:47
----
[2025-07-30 23:05:18.356091] Memory folder scan complete.
Total files: 348
Last modified file: /home/rafa1215/consensus-project/memory/logs/system/heartbeat_scheduler.log
Last modified time: 2025-07-30 23:05:18
----
[2025-07-30 23:13:44.670958] Memory folder scan complete.
Total files: 351
Last modified file: /home/rafa1215/consensus-project/memory/logs/system/voice_mode_bootstrap.log
Last modified time: 2025-07-30 23:13:44
----
[2025-07-30 23:16:39.222169] Memory folder scan complete.
Total files: 352
Last modified file: /home/rafa1215/consensus-project/memory/logs/system/heartbeat_scheduler.log
Last modified time: 2025-07-30 23:16:39
----
[2025-07-31 00:16:45.562003] Memory folder scan complete.
Total files: 358
Last modified file: /home/rafa1215/consensus-project/memory/logs/system/heartbeat_scheduler.log
Last modified time: 2025-07-31 00:16:45
----
[2025-07-31 01:16:50.715566] Memory folder scan complete.
Total files: 364
Last modified file: /home/rafa1215/consensus-project/memory/logs/system/heartbeat_scheduler.log
Last modified time: 2025-07-31 01:16:50
----
[2025-07-31 02:16:55.320196] Memory folder scan complete.
Total files: 370
Last modified file: /home/rafa1215/consensus-project/memory/logs/system/heartbeat_scheduler.log
Last modified time: 2025-07-31 02:16:55
----
[2025-07-31 03:17:00.665226] Memory folder scan complete.
Total files: 376
Last modified file: /home/rafa1215/consensus-project/memory/logs/system/heartbeat_scheduler.log
Last modified time: 2025-07-31 03:17:00
----
[2025-07-31 04:17:09.139442] Memory folder scan complete.
Total files: 383
Last modified file: /home/rafa1215/consensus-project/memory/logs/system/heartbeat_scheduler.log
Last modified time: 2025-07-31 04:17:09
----
[2025-07-31 05:17:14.745457] Memory folder scan complete.
Total files: 389
Last modified file: /home/rafa1215/consensus-project/memory/logs/system/heartbeat_scheduler.log
Last modified time: 2025-07-31 05:17:14
----
[2025-07-31 06:17:20.616276] Memory folder scan complete.
Total files: 396
Last modified file: /home/rafa1215/consensus-project/memory/logs/system/heartbeat_scheduler.log
Last modified time: 2025-07-31 06:17:20
----
[2025-07-31 07:17:26.372653] Memory folder scan complete.
Total files: 403
Last modified file: /home/rafa1215/consensus-project/memory/logs/system/heartbeat_scheduler.log
Last modified time: 2025-07-31 07:17:26
----
[2025-07-31 08:17:33.280965] Memory folder scan complete.
Total files: 409
Last modified file: /home/rafa1215/consensus-project/memory/logs/system/heartbeat_scheduler.log
Last modified time: 2025-07-31 08:17:33
----
[2025-07-31 09:17:41.159286] Memory folder scan complete.
Total files: 415
Last modified file: /home/rafa1215/consensus-project/memory/logs/system/heartbeat_scheduler.log
Last modified time: 2025-07-31 09:17:41
----
[2025-07-31 10:17:51.022888] Memory folder scan complete.
Total files: 421
Last modified file: /home/rafa1215/consensus-project/memory/logs/system/heartbeat_scheduler.log
Last modified time: 2025-07-31 10:17:50
----
[2025-07-31 11:17:57.364294] Memory folder scan complete.
Total files: 427
Last modified file: /home/rafa1215/consensus-project/memory/logs/system/heartbeat_scheduler.log
Last modified time: 2025-07-31 11:17:57
----
[2025-07-31 12:18:05.468909] Memory folder scan complete.
Total files: 434
Last modified file: /home/rafa1215/consensus-project/memory/logs/system/heartbeat_scheduler.log
Last modified time: 2025-07-31 12:18:05
----
[2025-07-31 13:18:12.660608] Memory folder scan complete.
Total files: 440
Last modified file: /home/rafa1215/consensus-project/memory/logs/system/heartbeat_scheduler.log
Last modified time: 2025-07-31 13:18:12
----
[2025-07-31 14:18:21.781927] Memory folder scan complete.
Total files: 446
Last modified file: /home/rafa1215/consensus-project/memory/logs/system/heartbeat_scheduler.log
Last modified time: 2025-07-31 14:18:21
----
