[2025-07-31 16:11:13] === Skipped Task Recovery Agent Started ===
[2025-07-31 16:11:13] VPN Test missing or stale — running now.
[2025-07-31 16:12:16] GitHub Sync missing or stale — running now.
[2025-07-31 16:13:10] Fitness Log is up to date.
[2025-07-31 16:23:10] VPN Test missing or stale — running now.
[2025-07-31 16:24:03] GitHub Sync missing or stale — running now.
[2025-07-31 16:24:20] Fitness Log is up to date.
[2025-07-31 16:34:20] VPN Test missing or stale — running now.
[2025-07-31 16:35:11] GitHub Sync missing or stale — running now.
[2025-07-31 16:35:21] Fitness Log is up to date.
[2025-07-31 16:45:21] VPN Test missing or stale — running now.
[2025-07-31 16:46:08] GitHub Sync missing or stale — running now.
[2025-07-31 16:46:18] Fitness Log is up to date.
[2025-07-31 16:56:18] VPN Test missing or stale — running now.
[2025-07-31 16:57:07] GitHub Sync missing or stale — running now.
[2025-07-31 16:57:17] Fitness Log is up to date.
[2025-07-31 17:07:17] VPN Test missing or stale — running now.
[2025-07-31 17:08:37] GitHub Sync missing or stale — running now.
[2025-07-31 17:09:17] Fitness Log is up to date.
[2025-07-31 17:19:17] VPN Test missing or stale — running now.
[2025-07-31 17:19:55] GitHub Sync missing or stale — running now.
[2025-07-31 17:21:18] Fitness Log missing or stale — running now.
[2025-07-31 17:31:20] VPN Test missing or stale — running now.
[2025-07-31 17:32:11] GitHub Sync missing or stale — running now.
[2025-07-31 17:32:22] Fitness Log missing or stale — running now.
[2025-07-31 17:42:24] VPN Test missing or stale — running now.
[2025-07-31 17:43:14] GitHub Sync missing or stale — running now.
[2025-07-31 17:43:25] Fitness Log missing or stale — running now.
[2025-07-31 17:53:26] VPN Test missing or stale — running now.
[2025-07-31 17:54:14] GitHub Sync missing or stale — running now.
[2025-07-31 17:54:24] Fitness Log missing or stale — running now.
[2025-07-31 18:04:25] VPN Test missing or stale — running now.
[2025-07-31 18:05:18] GitHub Sync missing or stale — running now.
[2025-07-31 18:05:28] Fitness Log missing or stale — running now.
[2025-07-31 18:15:29] VPN Test missing or stale — running now.
[2025-07-31 18:16:19] GitHub Sync missing or stale — running now.
[2025-07-31 18:16:29] Fitness Log missing or stale — running now.
[2025-07-31 18:26:30] VPN Test missing or stale — running now.
[2025-07-31 18:27:21] GitHub Sync missing or stale — running now.
[2025-07-31 18:27:31] Fitness Log missing or stale — running now.
[2025-07-31 18:37:32] VPN Test missing or stale — running now.
[2025-07-31 18:38:21] GitHub Sync missing or stale — running now.
[2025-07-31 18:38:32] Fitness Log missing or stale — running now.
[2025-07-31 18:48:33] VPN Test missing or stale — running now.
[2025-07-31 18:49:23] GitHub Sync missing or stale — running now.
[2025-07-31 18:49:33] Fitness Log missing or stale — running now.
[2025-07-31 18:59:34] VPN Test missing or stale — running now.
[2025-07-31 19:00:24] GitHub Sync missing or stale — running now.
[2025-07-31 19:00:35] Fitness Log missing or stale — running now.
[2025-07-31 19:10:36] VPN Test missing or stale — running now.
[2025-07-31 19:10:53] GitHub Sync missing or stale — running now.
[2025-07-31 19:11:29] Fitness Log missing or stale — running now.
[2025-07-31 19:21:30] VPN Test missing or stale — running now.
[2025-07-31 19:21:53] GitHub Sync missing or stale — running now.
[2025-07-31 19:23:11] Fitness Log missing or stale — running now.
[2025-07-31 19:33:13] VPN Test missing or stale — running now.
[2025-07-31 19:34:05] GitHub Sync missing or stale — running now.
[2025-07-31 19:34:18] Fitness Log missing or stale — running now.
[2025-07-31 19:44:20] VPN Test missing or stale — running now.
[2025-07-31 19:45:13] GitHub Sync missing or stale — running now.
[2025-07-31 19:45:24] Fitness Log missing or stale — running now.
[2025-07-31 19:55:25] VPN Test missing or stale — running now.
[2025-07-31 19:56:15] GitHub Sync missing or stale — running now.
[2025-07-31 19:56:26] Fitness Log missing or stale — running now.
[2025-07-31 20:06:27] VPN Test missing or stale — running now.
[2025-07-31 20:07:17] GitHub Sync missing or stale — running now.
[2025-07-31 20:07:28] Fitness Log missing or stale — running now.
[2025-07-31 20:17:29] VPN Test missing or stale — running now.
[2025-07-31 20:18:21] GitHub Sync missing or stale — running now.
[2025-07-31 20:18:31] Fitness Log missing or stale — running now.
[2025-07-31 20:28:32] VPN Test missing or stale — running now.
[2025-07-31 20:29:25] GitHub Sync missing or stale — running now.
[2025-07-31 20:29:39] Fitness Log missing or stale — running now.
[2025-07-31 20:39:40] VPN Test missing or stale — running now.
[2025-07-31 20:40:33] GitHub Sync missing or stale — running now.
[2025-07-31 20:40:43] Fitness Log missing or stale — running now.
[2025-07-31 20:50:44] VPN Test missing or stale — running now.
[2025-07-31 20:51:35] GitHub Sync missing or stale — running now.
[2025-07-31 20:51:45] Fitness Log missing or stale — running now.
[2025-07-31 21:01:46] VPN Test missing or stale — running now.
[2025-07-31 21:02:37] GitHub Sync missing or stale — running now.
[2025-07-31 21:02:47] Fitness Log missing or stale — running now.
[2025-07-31 21:12:48] VPN Test missing or stale — running now.
[2025-07-31 21:16:51] GitHub Sync missing or stale — running now.
[2025-07-31 21:23:38] Fitness Log missing or stale — running now.
[2025-07-31 21:33:43] VPN Test missing or stale — running now.
[2025-07-31 21:34:07] GitHub Sync missing or stale — running now.
[2025-07-31 21:34:14] Fitness Log missing or stale — running now.
