Running: git pull origin v1.1-dev
stdout: Already up to date.
stderr: From github.com:rafa8525/consensus-project
 * branch                v1.1-dev   -> FETCH_HEAD
Running: git add -A
Running: git commit -m "Auto-log sync for 2025-08-22 12:03:47"
stdout: [v1.1-dev 7e5e5e9bd] Auto-log sync for 2025-08-22 12:03:47
 8 files changed, 30 insertions(+), 5 deletions(-)
 create mode 100644 memory/logs/scheduler/2025-08-22T10-02-50_auto_memory_sync.log
 create mode 100644 memory/logs/scheduler/2025-08-22T10-02-51_heartbeat_logger.log
 create mode 100644 memory/logs/scheduler/2025-08-22T10-02-51_voice_reminder.log
 create mode 100644 memory/logs/scheduler/2025-08-22T11-02-40_absorb_memory.log
 create mode 100644 memory/logs/scheduler/2025-08-22T12-03-34_absorb_memory.log
 create mode 100644 memory/logs/scheduler/2025-08-22T12-03-37_auto_git_sync.log
Running: git config pack.windowMemory 10m
Running: git config pack.packSizeLimit 20m
Running: git push origin v1.1-dev
stderr: To github.com:rafa8525/consensus-project.git
   62581c647..7e5e5e9bd  v1.1-dev -> v1.1-dev
✅ Git push completed successfully.
