Running: git pull origin v1.1-dev
stdout: Already up to date.
stderr: From https://github.com/rafa8525/consensus-project
 * branch              v1.1-dev   -> FETCH_HEAD
Running: git add -A
Running: git commit -m "Auto-log sync for 2025-08-24 09:02:47"
stdout: [v1.1-dev 0f543036] Auto-log sync for 2025-08-24 09:02:47
 11 files changed, 42 insertions(+), 12 deletions(-)
 create mode 100644 memory/logs/scheduler/2025-08-24T07-03-52_auto_memory_sync.log
 create mode 100644 memory/logs/scheduler/2025-08-24T07-03-53_heartbeat_logger.log
 create mode 100644 memory/logs/scheduler/2025-08-24T07-03-54_daily_fitness_log.log
 create mode 100644 memory/logs/scheduler/2025-08-24T07-03-55_heartbeat_status.log
 create mode 100644 memory/logs/scheduler/2025-08-24T07-03-56_voice_reminder.log
 create mode 100644 memory/logs/scheduler/2025-08-24T07-03-57_weekly_status.log
 create mode 100644 memory/logs/scheduler/2025-08-24T08-02-53_absorb_memory.log
 create mode 100644 memory/logs/scheduler/2025-08-24T09-02-39_absorb_memory.log
 create mode 100644 memory/logs/scheduler/2025-08-24T09-02-40_auto_git_sync.log
 rewrite memory/logs/scheduler/state.json (68%)
Running: git config pack.windowMemory 10m
Running: git config pack.packSizeLimit 20m
Running: git push origin v1.1-dev
stderr: fatal: could not read Username for 'https://github.com': No such device or address
❌ Git push failed.
