Running: git pull origin v1.1-dev
stdout: Already up to date.
stderr: From https://github.com/rafa8525/consensus-project
 * branch              v1.1-dev   -> FETCH_HEAD
Running: git add -A
Running: git commit -m "Auto-log sync for 2025-08-23 09:02:32"
stdout: [v1.1-dev 10da3f17] Auto-log sync for 2025-08-23 09:02:32
 10 files changed, 40 insertions(+), 12 deletions(-)
 create mode 100644 memory/logs/scheduler/2025-08-23T07-03-37_auto_memory_sync.log
 create mode 100644 memory/logs/scheduler/2025-08-23T07-03-38_heartbeat_logger.log
 create mode 100644 memory/logs/scheduler/2025-08-23T07-03-39_daily_fitness_log.log
 create mode 100644 memory/logs/scheduler/2025-08-23T07-03-40_heartbeat_status.log
 create mode 100644 memory/logs/scheduler/2025-08-23T07-03-41_voice_reminder.log
 create mode 100644 memory/logs/scheduler/2025-08-23T08-02-48_absorb_memory.log
 create mode 100644 memory/logs/scheduler/2025-08-23T09-02-27_absorb_memory.log
 create mode 100644 memory/logs/scheduler/2025-08-23T09-02-28_auto_git_sync.log
 rewrite memory/logs/scheduler/state.json (68%)
Running: git config pack.windowMemory 10m
Running: git config pack.packSizeLimit 20m
Running: git push origin v1.1-dev
stderr: fatal: could not read Username for 'https://github.com': No such device or address
❌ Git push failed.
