Running: git pull origin v1.1-dev
stdout: Already up to date.
stderr: From https://github.com/rafa8525/consensus-project
 * branch              v1.1-dev   -> FETCH_HEAD
Running: git add -A
Running: git commit -m "Auto-log sync for 2025-08-23 07:03:33"
stdout: [v1.1-dev e198af1d] Auto-log sync for 2025-08-23 07:03:33
 10 files changed, 72 insertions(+), 5 deletions(-)
 create mode 100644 memory/logs/fitness/2025-08-23.md
 create mode 100644 memory/logs/nutrition/2025-08-23_nutrition_log.md
 create mode 100644 memory/logs/scheduler/2025-08-23T06-03-24_auto_memory_sync.log
 create mode 100644 memory/logs/scheduler/2025-08-23T06-03-25_heartbeat_logger.log
 create mode 100644 memory/logs/scheduler/2025-08-23T06-03-27_voice_reminder.log
 create mode 100644 memory/logs/scheduler/2025-08-23T07-03-25_absorb_memory.log
 create mode 100644 memory/logs/scheduler/2025-08-23T07-03-27_auto_git_sync.log
 create mode 100644 memory/logs/system/heartbeat_schedule_status_2025-08-23.md
Running: git config pack.windowMemory 10m
Running: git config pack.packSizeLimit 20m
Running: git push origin v1.1-dev
stderr: fatal: could not read Username for 'https://github.com': No such device or address
❌ Git push failed.
