Running: git pull origin v1.1-dev
stdout: Already up to date.
stderr: From github.com:rafa8525/consensus-project
 * branch                v1.1-dev   -> FETCH_HEAD
Running: git add -A
Running: git commit -m "Auto-log sync for 2025-08-21 18:03:11"
stdout: [v1.1-dev 839b778d0] Auto-log sync for 2025-08-21 18:03:11
 14 files changed, 302 insertions(+), 52 deletions(-)
 create mode 100644 memory/logs/absorb/absorb_state.json
 create mode 100644 memory/logs/absorb/absorb_success_log.jsonl
 create mode 100644 memory/logs/scheduler/2025-08-21T16-02-52_auto_memory_sync.log
 create mode 100644 memory/logs/scheduler/2025-08-21T16-02-53_heartbeat_logger.log
 create mode 100644 memory/logs/scheduler/2025-08-21T16-02-53_voice_reminder.log
 create mode 100644 memory/logs/scheduler/2025-08-21T17-02-39_absorb_memory.log
 create mode 100644 memory/logs/scheduler/2025-08-21T18-03-00_absorb_memory.log
 create mode 100644 memory/logs/scheduler/2025-08-21T18-03-01_auto_git_sync.log
 create mode 100755 tools/absorb_hourly.py
 create mode 100755 tools/absorb_log_append.py
 rewrite tools/absorb_status_report.py (88%)
 mode change 100644 => 100755
Running: git config pack.windowMemory 10m
Running: git config pack.packSizeLimit 20m
Running: git push origin v1.1-dev
stderr: To github.com:rafa8525/consensus-project.git
   65f4211f8..839b778d0  v1.1-dev -> v1.1-dev
✅ Git push completed successfully.
