Running: git pull origin v1.1-dev
stdout: Already up to date.
stderr: From https://github.com/rafa8525/consensus-project
 * branch              v1.1-dev   -> FETCH_HEAD
Running: git add -A
Running: git commit -m "Auto-log sync for 2025-08-28 07:03:43"
stdout: [v1.1-dev-clean feb1da30] Auto-log sync for 2025-08-28 07:03:43
 13 files changed, 3023 insertions(+), 6 deletions(-)
 create mode 100644 memory/logs/fitness/2025-08-28.md
 create mode 100644 memory/logs/scheduler/2025-08-28T05-03-28_auto_memory_sync.log
 create mode 100644 memory/logs/scheduler/2025-08-28T05-03-29_heartbeat_logger.log
 create mode 100644 memory/logs/scheduler/2025-08-28T05-03-30_voice_reminder.log
 create mode 100644 memory/logs/scheduler/2025-08-28T06-03-16_absorb_memory.log
 create mode 100644 memory/logs/scheduler/2025-08-28T07-03-31_absorb_memory.log
 create mode 100644 memory/logs/scheduler/2025-08-28T07-03-33_auto_git_sync.log
Running: git config pack.windowMemory 10m
Running: git config pack.packSizeLimit 20m
Running: git push origin v1.1-dev
stderr: fatal: could not read Username for 'https://github.com': No such device or address
❌ Git push failed.
