Running: git pull origin v1.1-dev
stdout: Already up to date.
stderr: From github.com:rafa8525/consensus-project
 * branch                v1.1-dev   -> FETCH_HEAD
Running: git add -A
Running: git commit -m "Auto-log sync for 2025-08-22 06:03:44"
stdout: [v1.1-dev c7d09e690] Auto-log sync for 2025-08-22 06:03:44
 8 files changed, 30 insertions(+), 5 deletions(-)
 create mode 100644 memory/logs/scheduler/2025-08-22T04-03-08_auto_memory_sync.log
 create mode 100644 memory/logs/scheduler/2025-08-22T04-03-10_heartbeat_logger.log
 create mode 100644 memory/logs/scheduler/2025-08-22T04-03-12_voice_reminder.log
 create mode 100644 memory/logs/scheduler/2025-08-22T05-02-58_absorb_memory.log
 create mode 100644 memory/logs/scheduler/2025-08-22T06-03-32_absorb_memory.log
 create mode 100644 memory/logs/scheduler/2025-08-22T06-03-34_auto_git_sync.log
Running: git config pack.windowMemory 10m
Running: git config pack.packSizeLimit 20m
Running: git push origin v1.1-dev
stderr: To github.com:rafa8525/consensus-project.git
   30ce3b1ad..c7d09e690  v1.1-dev -> v1.1-dev
✅ Git push completed successfully.
