Running: git pull origin v1.1-dev
stdout: Already up to date.
stderr: From https://github.com/rafa8525/consensus-project
 * branch              v1.1-dev   -> FETCH_HEAD
Running: git add -A
Running: git commit -m "Auto-log sync for 2025-08-27 16:02:46"
stdout: [v1.1-dev 3ce4486a] Auto-log sync for 2025-08-27 16:02:46
 24 files changed, 6164 insertions(+), 6 deletions(-)
 create mode 100644 csv/55_Agents___Support_Sites.csv
 create mode 100644 memory/logs/scheduler/2025-08-27T14-02-36_auto_memory_sync.log
 create mode 100644 memory/logs/scheduler/2025-08-27T14-02-37_heartbeat_logger.log
 create mode 100644 memory/logs/scheduler/2025-08-27T14-02-37_voice_reminder.log
 create mode 100644 memory/logs/scheduler/2025-08-27T15-01-53_absorb_memory.log
 create mode 100644 memory/logs/scheduler/2025-08-27T16-02-35_absorb_memory.log
 create mode 100644 memory/logs/scheduler/2025-08-27T16-02-37_auto_git_sync.log
 create mode 100644 memory/web_research/2025-08-27/meta/AI_Breeder.meta
 create mode 100644 memory/web_research/2025-08-27/meta/AI_Fault_Isolator.meta
 create mode 100644 memory/web_research/2025-08-27/meta/AI_Hyper-Constructor.meta
 create mode 100644 memory/web_research/2025-08-27/meta/AI_Mutator.meta
 create mode 100644 memory/web_research/2025-08-27/raw/AI_Breeder.html
 create mode 100644 memory/web_research/2025-08-27/raw/AI_Fault_Isolator.html
 create mode 100644 memory/web_research/2025-08-27/raw/AI_Hyper-Constructor.html
 create mode 100644 memory/web_research/2025-08-27/raw/AI_Mutator.html
 create mode 100644 memory/web_research/2025-08-27/summary.csv
 create mode 100644 memory/web_research/2025-08-27/targets.csv
 create mode 100755 tools/agents/rebuild_web_summary.sh
Running: git config pack.windowMemory 10m
Running: git config pack.packSizeLimit 20m
Running: git push origin v1.1-dev
stderr: fatal: could not read Username for 'https://github.com': No such device or address
❌ Git push failed.
