Running: git pull origin v1.1-dev
stdout: Already up to date.
stderr: From github.com:rafa8525/consensus-project
 * branch                v1.1-dev   -> FETCH_HEAD
Running: git add -A
Running: git commit -m "Auto-log sync for 2025-08-22 08:03:18"
stdout: [v1.1-dev e9618c18e] Auto-log sync for 2025-08-22 08:03:18
 13 files changed, 84 insertions(+), 12 deletions(-)
 create mode 100644 memory/logs/fitness/2025-08-22.md
 create mode 100644 memory/logs/nutrition/2025-08-22_nutrition_log.md
 create mode 100644 memory/logs/scheduler/2025-08-22T06-03-49_auto_memory_sync.log
 create mode 100644 memory/logs/scheduler/2025-08-22T06-03-49_heartbeat_logger.log
 create mode 100644 memory/logs/scheduler/2025-08-22T06-03-50_voice_reminder.log
 create mode 100644 memory/logs/scheduler/2025-08-22T07-03-38_absorb_memory.log
 create mode 100644 memory/logs/scheduler/2025-08-22T07-03-40_daily_fitness_log.log
 create mode 100644 memory/logs/scheduler/2025-08-22T07-03-41_heartbeat_status.log
 create mode 100644 memory/logs/scheduler/2025-08-22T08-03-00_absorb_memory.log
 create mode 100644 memory/logs/scheduler/2025-08-22T08-03-03_auto_git_sync.log
 rewrite memory/logs/scheduler/state.json (68%)
 create mode 100644 memory/logs/system/heartbeat_schedule_status_2025-08-22.md
Running: git config pack.windowMemory 10m
Running: git config pack.packSizeLimit 20m
Running: git push origin v1.1-dev
stderr: To github.com:rafa8525/consensus-project.git
   c7d09e690..e9618c18e  v1.1-dev -> v1.1-dev
✅ Git push completed successfully.
