Running: git pull origin v1.1-dev
stdout: Already up to date.
stderr: From https://github.com/rafa8525/consensus-project
 * branch              v1.1-dev   -> FETCH_HEAD
Running: git add -A
Running: git commit -m "Auto-log sync for 2025-08-27 09:02:56"
stdout: [v1.1-dev 62f50a24] Auto-log sync for 2025-08-27 09:02:56
 14 files changed, 3158 insertions(+), 13 deletions(-)
 create mode 100644 memory/logs/scheduler/2025-08-27T07-03-56_auto_memory_sync.log
 create mode 100644 memory/logs/scheduler/2025-08-27T07-03-57_heartbeat_logger.log
 create mode 100644 memory/logs/scheduler/2025-08-27T07-03-58_daily_fitness_log.log
 create mode 100644 memory/logs/scheduler/2025-08-27T07-04-00_heartbeat_status.log
 create mode 100644 memory/logs/scheduler/2025-08-27T07-04-01_voice_reminder.log
 create mode 100644 memory/logs/scheduler/2025-08-27T08-03-05_absorb_memory.log
 create mode 100644 memory/logs/scheduler/2025-08-27T09-02-43_absorb_memory.log
 create mode 100644 memory/logs/scheduler/2025-08-27T09-02-45_auto_git_sync.log
 rewrite memory/logs/scheduler/state.json (68%)
Running: git config pack.windowMemory 10m
Running: git config pack.packSizeLimit 20m
Running: git push origin v1.1-dev
stderr: fatal: could not read Username for 'https://github.com': No such device or address
❌ Git push failed.
