Running: git pull origin v1.1-dev
stdout: Already up to date.
stderr: From github.com:rafa8525/consensus-project
 * branch                v1.1-dev   -> FETCH_HEAD
Running: git add -A
Running: git commit -m "Auto-log sync for 2025-08-20 22:02:34"
stdout: [v1.1-dev 567809173] Auto-log sync for 2025-08-20 22:02:34
 13 files changed, 105 insertions(+), 40 deletions(-)
 create mode 100644 memory/logs/agents/heartbeat_2025-08-20.md
 create mode 100644 memory/logs/project-updates/geofencing_status_2025-08-20.md
 create mode 100644 memory/logs/scheduler/2025-08-20T20-02-39_auto_memory_sync.log
 create mode 100644 memory/logs/scheduler/2025-08-20T20-02-40_heartbeat_logger.log
 create mode 100644 memory/logs/scheduler/2025-08-20T20-02-40_voice_reminder.log
 create mode 100644 memory/logs/scheduler/2025-08-20T21-01-57_absorb_memory.log
 create mode 100644 memory/logs/scheduler/2025-08-20T21-01-59_geofencing_status.log
 create mode 100644 memory/logs/scheduler/2025-08-20T22-02-22_absorb_memory.log
 create mode 100644 memory/logs/scheduler/2025-08-20T22-02-24_auto_git_sync.log
Running: git config pack.windowMemory 10m
Running: git config pack.packSizeLimit 20m
Running: git push origin v1.1-dev
stderr: To github.com:rafa8525/consensus-project.git
   4ebc3ebdd..567809173  v1.1-dev -> v1.1-dev
✅ Git push completed successfully.
