Running: git pull origin v1.1-dev
stdout: Already up to date.
stderr: From github.com:rafa8525/consensus-project
 * branch                v1.1-dev   -> FETCH_HEAD
Running: git add -A
Running: git commit -m "Auto-log sync for 2025-08-21 22:02:35"
stdout: [v1.1-dev 5527dfa2b] Auto-log sync for 2025-08-21 22:02:35
 18 files changed, 818 insertions(+), 627 deletions(-)
 rewrite app.py (82%)
 create mode 100644 memory/logs/agents/heartbeat_2025-08-21.md
 create mode 100644 memory/logs/project-updates/geofencing_status_2025-08-21.md
 create mode 100644 memory/logs/scheduler/2025-08-21T20-02-42_auto_memory_sync.log
 create mode 100644 memory/logs/scheduler/2025-08-21T20-02-43_heartbeat_logger.log
 create mode 100644 memory/logs/scheduler/2025-08-21T20-02-43_voice_reminder.log
 create mode 100644 memory/logs/scheduler/2025-08-21T21-01-57_absorb_memory.log
 create mode 100644 memory/logs/scheduler/2025-08-21T21-01-59_geofencing_status.log
 create mode 100644 memory/logs/scheduler/2025-08-21T22-02-21_absorb_memory.log
 create mode 100644 memory/logs/scheduler/2025-08-21T22-02-24_auto_git_sync.log
 create mode 100755 tools/watchdog_memory_absorb.py
Running: git config pack.windowMemory 10m
Running: git config pack.packSizeLimit 20m
Running: git push origin v1.1-dev
stderr: To github.com:rafa8525/consensus-project.git
   47f53f170..5527dfa2b  v1.1-dev -> v1.1-dev
✅ Git push completed successfully.
