Running: git pull origin v1.1-dev
stdout: Already up to date.
stderr: From https://github.com/rafa8525/consensus-project
 * branch              v1.1-dev   -> FETCH_HEAD
Running: git add -A
Running: git commit -m "Auto-log sync for 2025-08-24 20:02:51"
stdout: [v1.1-dev 8a4fbf65] Auto-log sync for 2025-08-24 20:02:51
 9 files changed, 31 insertions(+), 6 deletions(-)
 create mode 100644 memory/logs/scheduler/2025-08-24T18-03-05_auto_memory_sync.log
 create mode 100644 memory/logs/scheduler/2025-08-24T18-03-07_heartbeat_logger.log
 create mode 100644 memory/logs/scheduler/2025-08-24T18-03-09_nutrition_pipeline.log
 create mode 100644 memory/logs/scheduler/2025-08-24T18-03-11_voice_reminder.log
 create mode 100644 memory/logs/scheduler/2025-08-24T19-02-50_absorb_memory.log
 create mode 100644 memory/logs/scheduler/2025-08-24T20-02-44_absorb_memory.log
 create mode 100644 memory/logs/scheduler/2025-08-24T20-02-47_auto_git_sync.log
Running: git config pack.windowMemory 10m
Running: git config pack.packSizeLimit 20m
Running: git push origin v1.1-dev
stderr: fatal: could not read Username for 'https://github.com': No such device or address
❌ Git push failed.
