Running: git pull origin v1.1-dev
stdout: Already up to date.
stderr: From github.com:rafa8525/consensus-project
 * branch                v1.1-dev   -> FETCH_HEAD
Running: git add -A
Running: git commit -m "Auto-log sync for 2025-08-22 02:02:52"
stdout: [v1.1-dev 04dc54eab] Auto-log sync for 2025-08-22 02:02:52
 8 files changed, 34 insertions(+), 5 deletions(-)
 create mode 100644 memory/logs/scheduler/2025-08-22T00-03-41_auto_memory_sync.log
 create mode 100644 memory/logs/scheduler/2025-08-22T00-03-42_heartbeat_logger.log
 create mode 100644 memory/logs/scheduler/2025-08-22T00-03-43_voice_reminder.log
 create mode 100644 memory/logs/scheduler/2025-08-22T01-03-04_absorb_memory.log
 create mode 100644 memory/logs/scheduler/2025-08-22T02-02-46_absorb_memory.log
 create mode 100644 memory/logs/scheduler/2025-08-22T02-02-47_auto_git_sync.log
Running: git config pack.windowMemory 10m
Running: git config pack.packSizeLimit 20m
Running: git push origin v1.1-dev
stderr: To github.com:rafa8525/consensus-project.git
   1bf9f88cb..04dc54eab  v1.1-dev -> v1.1-dev
✅ Git push completed successfully.
