Running: git pull origin v1.1-dev
stdout: Already up to date.
stderr: From https://github.com/rafa8525/consensus-project
 * branch              v1.1-dev   -> FETCH_HEAD
Running: git add -A
Running: git commit -m "Auto-log sync for 2025-08-28 09:02:51"
stdout: [v1.1-dev-clean 1b047851] Auto-log sync for 2025-08-28 09:02:51
 14 files changed, 2978 insertions(+), 13 deletions(-)
 create mode 100644 memory/logs/scheduler/2025-08-28T07-03-46_auto_memory_sync.log
 create mode 100644 memory/logs/scheduler/2025-08-28T07-03-48_heartbeat_logger.log
 create mode 100644 memory/logs/scheduler/2025-08-28T07-03-49_daily_fitness_log.log
 create mode 100644 memory/logs/scheduler/2025-08-28T07-03-50_heartbeat_status.log
 create mode 100644 memory/logs/scheduler/2025-08-28T07-03-51_voice_reminder.log
 create mode 100644 memory/logs/scheduler/2025-08-28T08-03-01_absorb_memory.log
 create mode 100644 memory/logs/scheduler/2025-08-28T09-02-42_absorb_memory.log
 create mode 100644 memory/logs/scheduler/2025-08-28T09-02-43_auto_git_sync.log
 rewrite memory/logs/scheduler/state.json (68%)
Running: git config pack.windowMemory 10m
Running: git config pack.packSizeLimit 20m
Running: git push origin v1.1-dev
stderr: fatal: could not read Username for 'https://github.com': No such device or address
❌ Git push failed.
