Running: git pull origin v1.1-dev
stdout: Already up to date.
stderr: From github.com:rafa8525/consensus-project
 * branch                v1.1-dev   -> FETCH_HEAD
Running: git add -A
Running: git commit -m "Auto-log sync for 2025-08-22 00:03:37"
stdout: [v1.1-dev 1bf9f88cb] Auto-log sync for 2025-08-22 00:03:37
 12 files changed, 301 insertions(+), 83 deletions(-)
 create mode 100644 CONSENSUS_REGISTRY.yaml
 create mode 100644 memory/logs/scheduler/2025-08-21T22-02-39_auto_memory_sync.log
 create mode 100644 memory/logs/scheduler/2025-08-21T22-02-40_heartbeat_logger.log
 create mode 100644 memory/logs/scheduler/2025-08-21T22-02-40_voice_reminder.log
 create mode 100644 memory/logs/scheduler/2025-08-21T23-02-19_absorb_memory.log
 create mode 100644 memory/logs/scheduler/2025-08-22T00-03-28_absorb_memory.log
 create mode 100644 memory/logs/scheduler/2025-08-22T00-03-30_auto_git_sync.log
 rewrite push_upc_corrections.py (95%)
 create mode 100755 tools/consensus_dispatcher.py
 create mode 100755 tools/filename_guard.py
Running: git config pack.windowMemory 10m
Running: git config pack.packSizeLimit 20m
Running: git push origin v1.1-dev
stderr: To github.com:rafa8525/consensus-project.git
   5527dfa2b..1bf9f88cb  v1.1-dev -> v1.1-dev
✅ Git push completed successfully.
