Running: git pull origin v1.1-dev
stdout: Already up to date.
stderr: From https://github.com/rafa8525/consensus-project
 * branch              v1.1-dev   -> FETCH_HEAD
Running: git add -A
Running: git commit -m "Auto-log sync for 2025-08-27 18:02:45"
stdout: [v1.1-dev 1e2b695b] Auto-log sync for 2025-08-27 18:02:45
 24 files changed, 3253 insertions(+), 35 deletions(-)
 create mode 100644 docs/PROJECT_BACKLOG.md
 create mode 100644 memory/logs/agents/daily_sms_and_push.log
 create mode 100644 memory/logs/heartbeat/heartbeat_log.txt
 create mode 100644 memory/logs/scheduler/2025-08-27T16-02-49_auto_memory_sync.log
 create mode 100644 memory/logs/scheduler/2025-08-27T16-02-50_heartbeat_logger.log
 create mode 100644 memory/logs/scheduler/2025-08-27T16-02-51_voice_reminder.log
 create mode 100644 memory/logs/scheduler/2025-08-27T17-02-33_absorb_memory.log
 create mode 100644 memory/logs/scheduler/2025-08-27T18-02-36_absorb_memory.log
 create mode 100644 memory/logs/scheduler/2025-08-27T18-02-37_auto_git_sync.log
 create mode 100644 memory/logs/security/security_audit_log.txt
 create mode 100644 memory/web_research/2025-08-27/fanout.log
 create mode 100755 tools/agents/rebuild_summary.sh
 create mode 100755 tools/schedule_absorb_at.sh
Running: git config pack.windowMemory 10m
Running: git config pack.packSizeLimit 20m
Running: git push origin v1.1-dev
stderr: fatal: could not read Username for 'https://github.com': No such device or address
❌ Git push failed.
