Running: git pull origin v1.1-dev
stdout: Already up to date.
stderr: From https://github.com/rafa8525/consensus-project
 * branch              v1.1-dev   -> FETCH_HEAD
Running: git add -A
Running: git commit -m "Auto-log sync for 2025-08-25 07:03:59"
stdout: [v1.1-dev 3f051c11] Auto-log sync for 2025-08-25 07:03:59
 10 files changed, 73 insertions(+), 5 deletions(-)
 create mode 100644 memory/logs/fitness/2025-08-25.md
 create mode 100644 memory/logs/nutrition/2025-08-25_nutrition_log.md
 create mode 100644 memory/logs/scheduler/2025-08-25T06-03-39_auto_memory_sync.log
 create mode 100644 memory/logs/scheduler/2025-08-25T06-03-41_heartbeat_logger.log
 create mode 100644 memory/logs/scheduler/2025-08-25T06-03-42_voice_reminder.log
 create mode 100644 memory/logs/scheduler/2025-08-25T07-03-49_absorb_memory.log
 create mode 100644 memory/logs/scheduler/2025-08-25T07-03-50_auto_git_sync.log
 create mode 100644 memory/logs/system/heartbeat_schedule_status_2025-08-25.md
Running: git config pack.windowMemory 10m
Running: git config pack.packSizeLimit 20m
Running: git push origin v1.1-dev
stderr: fatal: could not read Username for 'https://github.com': No such device or address
❌ Git push failed.
