Running: git pull origin v1.1-dev
stdout: Already up to date.
stderr: From https://github.com/rafa8525/consensus-project
 * branch              v1.1-dev   -> FETCH_HEAD
Running: git add -A
Running: git commit -m "Auto-log sync for 2025-08-25 09:03:15"
stdout: [v1.1-dev 1191874c] Auto-log sync for 2025-08-25 09:03:15
 10 files changed, 41 insertions(+), 13 deletions(-)
 create mode 100644 memory/logs/scheduler/2025-08-25T07-04-05_auto_memory_sync.log
 create mode 100644 memory/logs/scheduler/2025-08-25T07-04-07_heartbeat_logger.log
 create mode 100644 memory/logs/scheduler/2025-08-25T07-04-08_daily_fitness_log.log
 create mode 100644 memory/logs/scheduler/2025-08-25T07-04-10_heartbeat_status.log
 create mode 100644 memory/logs/scheduler/2025-08-25T07-04-12_voice_reminder.log
 create mode 100644 memory/logs/scheduler/2025-08-25T08-03-00_absorb_memory.log
 create mode 100644 memory/logs/scheduler/2025-08-25T09-02-58_absorb_memory.log
 create mode 100644 memory/logs/scheduler/2025-08-25T09-03-01_auto_git_sync.log
 rewrite memory/logs/scheduler/state.json (62%)
Running: git config pack.windowMemory 10m
Running: git config pack.packSizeLimit 20m
Running: git push origin v1.1-dev
stderr: fatal: could not read Username for 'https://github.com': No such device or address
❌ Git push failed.
