Running: git pull origin v1.1-dev
stdout: Already up to date.
stderr: From github.com:rafa8525/consensus-project
 * branch                v1.1-dev   -> FETCH_HEAD
Running: git add -A
Running: git commit -m "Auto-log sync for 2025-08-21 16:02:48"
stdout: [v1.1-dev 16a0a29e9] Auto-log sync for 2025-08-21 16:02:48
 8 files changed, 30 insertions(+), 5 deletions(-)
 create mode 100644 memory/logs/scheduler/2025-08-21T14-02-41_auto_memory_sync.log
 create mode 100644 memory/logs/scheduler/2025-08-21T14-02-42_heartbeat_logger.log
 create mode 100644 memory/logs/scheduler/2025-08-21T14-02-43_voice_reminder.log
 create mode 100644 memory/logs/scheduler/2025-08-21T15-01-54_absorb_memory.log
 create mode 100644 memory/logs/scheduler/2025-08-21T16-02-39_absorb_memory.log
 create mode 100644 memory/logs/scheduler/2025-08-21T16-02-41_auto_git_sync.log
Running: git config pack.windowMemory 10m
Running: git config pack.packSizeLimit 20m
Running: git push origin v1.1-dev
stderr: To github.com:rafa8525/consensus-project.git
   4b50d4970..16a0a29e9  v1.1-dev -> v1.1-dev
✅ Git push completed successfully.
