Running: git pull origin v1.1-dev
stdout: Already up to date.
stderr: From github.com:rafa8525/consensus-project
 * branch                v1.1-dev   -> FETCH_HEAD
Running: git add -A
Running: git commit -m "Auto-log sync for 2025-08-21 07:04:03"
stdout: [v1.1-dev c2a3772be] Auto-log sync for 2025-08-21 07:04:03
 10 files changed, 74 insertions(+), 5 deletions(-)
 create mode 100644 memory/logs/fitness/2025-08-21.md
 create mode 100644 memory/logs/nutrition/2025-08-21_nutrition_log.md
 create mode 100644 memory/logs/scheduler/2025-08-21T06-03-48_auto_memory_sync.log
 create mode 100644 memory/logs/scheduler/2025-08-21T06-03-49_heartbeat_logger.log
 create mode 100644 memory/logs/scheduler/2025-08-21T06-03-49_voice_reminder.log
 create mode 100644 memory/logs/scheduler/2025-08-21T07-03-52_absorb_memory.log
 create mode 100644 memory/logs/scheduler/2025-08-21T07-03-54_auto_git_sync.log
 create mode 100644 memory/logs/system/heartbeat_schedule_status_2025-08-21.md
Running: git config pack.windowMemory 10m
Running: git config pack.packSizeLimit 20m
Running: git push origin v1.1-dev
stderr: To github.com:rafa8525/consensus-project.git
   104a6332d..c2a3772be  v1.1-dev -> v1.1-dev
✅ Git push completed successfully.
