Running: git pull origin v1.1-dev
stdout: Already up to date.
stderr: From https://github.com/rafa8525/consensus-project
 * branch              v1.1-dev   -> FETCH_HEAD
Running: git add -A
Running: git commit -m "Auto-log sync for 2025-08-24 22:02:33"
stdout: [v1.1-dev d18a0a23] Auto-log sync for 2025-08-24 22:02:33
 11 files changed, 41 insertions(+), 6 deletions(-)
 create mode 100644 memory/logs/agents/heartbeat_2025-08-24.md
 create mode 100644 memory/logs/project-updates/geofencing_status_2025-08-24.md
 create mode 100644 memory/logs/scheduler/2025-08-24T20-02-52_auto_memory_sync.log
 create mode 100644 memory/logs/scheduler/2025-08-24T20-02-53_heartbeat_logger.log
 create mode 100644 memory/logs/scheduler/2025-08-24T20-02-53_voice_reminder.log
 create mode 100644 memory/logs/scheduler/2025-08-24T21-01-51_absorb_memory.log
 create mode 100644 memory/logs/scheduler/2025-08-24T21-01-52_geofencing_status.log
 create mode 100644 memory/logs/scheduler/2025-08-24T22-02-17_absorb_memory.log
 create mode 100644 memory/logs/scheduler/2025-08-24T22-02-19_auto_git_sync.log
Running: git config pack.windowMemory 10m
Running: git config pack.packSizeLimit 20m
Running: git push origin v1.1-dev
stderr: fatal: could not read Username for 'https://github.com': No such device or address
❌ Git push failed.
