Running: git pull origin v1.1-dev
stdout: Already up to date.
stderr: From github.com:rafa8525/consensus-project
 * branch                v1.1-dev   -> FETCH_HEAD
Running: git add -A
Running: git commit -m "Auto-log sync for 2025-08-22 10:02:47"
stdout: [v1.1-dev 62581c647] Auto-log sync for 2025-08-22 10:02:47
 8 files changed, 36 insertions(+), 5 deletions(-)
 create mode 100644 memory/logs/scheduler/2025-08-22T08-03-24_auto_memory_sync.log
 create mode 100644 memory/logs/scheduler/2025-08-22T08-03-25_heartbeat_logger.log
 create mode 100644 memory/logs/scheduler/2025-08-22T08-03-26_voice_reminder.log
 create mode 100644 memory/logs/scheduler/2025-08-22T09-02-36_absorb_memory.log
 create mode 100644 memory/logs/scheduler/2025-08-22T10-02-39_absorb_memory.log
 create mode 100644 memory/logs/scheduler/2025-08-22T10-02-41_auto_git_sync.log
Running: git config pack.windowMemory 10m
Running: git config pack.packSizeLimit 20m
Running: git push origin v1.1-dev
stderr: To github.com:rafa8525/consensus-project.git
   e9618c18e..62581c647  v1.1-dev -> v1.1-dev
✅ Git push completed successfully.
