Running: git pull origin v1.1-dev
stdout: Already up to date.
stderr: From https://github.com/rafa8525/consensus-project
 * branch              v1.1-dev   -> FETCH_HEAD
Running: git add -A
Running: git commit -m "Auto-log sync for 2025-08-27 07:03:49"
stdout: [v1.1-dev 8f27b8bc] Auto-log sync for 2025-08-27 07:03:49
 14 files changed, 3231 insertions(+), 6 deletions(-)
 create mode 100644 memory/logs/fitness/2025-08-27.md
 create mode 100644 memory/logs/scheduler/2025-08-27T05-03-30_auto_memory_sync.log
 create mode 100644 memory/logs/scheduler/2025-08-27T05-03-31_heartbeat_logger.log
 create mode 100644 memory/logs/scheduler/2025-08-27T05-03-32_voice_reminder.log
 create mode 100644 memory/logs/scheduler/2025-08-27T06-03-15_absorb_memory.log
 create mode 100644 memory/logs/scheduler/2025-08-27T07-03-36_absorb_memory.log
 create mode 100644 memory/logs/scheduler/2025-08-27T07-03-36_auto_git_sync.log
 create mode 100644 memory/logs/system/heartbeat_schedule_status_2025-08-27.md
Running: git config pack.windowMemory 10m
Running: git config pack.packSizeLimit 20m
Running: git push origin v1.1-dev
stderr: fatal: could not read Username for 'https://github.com': No such device or address
❌ Git push failed.
