Running: git pull origin v1.1-dev
stdout: Already up to date.
stderr: From github.com:rafa8525/consensus-project
 * branch                v1.1-dev   -> FETCH_HEAD
Running: git add -A
Running: git commit -m "Auto-log sync for 2025-08-20 16:10:40"
stdout: [v1.1-dev 221a579b3] Auto-log sync for 2025-08-20 16:10:40
 27 files changed, 601 insertions(+), 65 deletions(-)
 create mode 100644 memory/logs/agents/heartbeat/absorb_guard_2025-08-18.log
 create mode 100644 memory/logs/agents/heartbeat/absorb_guard_2025-08-19.log
 create mode 100644 memory/logs/agents/heartbeat_2025-08-18.md
 create mode 100644 memory/logs/agents/heartbeat_2025-08-19.md
 create mode 100644 memory/logs/agents/metrics_2025-08-19.json
 create mode 100644 memory/logs/agents/metrics_2025-08-20.json
 create mode 100644 memory/logs/agents/self_improvement_2025-08-19.md
 create mode 100644 memory/logs/agents/self_improvement_2025-08-20.md
 create mode 100644 memory/logs/agents/suggestions/suggestions_2025-08-19.jsonl
 create mode 100644 memory/logs/fitness/2025-08-19.md
 create mode 100644 memory/logs/fitness/2025-08-20.md
 create mode 100644 memory/logs/nutrition/2025-08-19_nutrition_log.md
 create mode 100644 memory/logs/nutrition/2025-08-20_nutrition_log.md
 create mode 100644 memory/logs/project-updates/geofencing_status_2025-08-18.md
 create mode 100644 memory/logs/project-updates/geofencing_status_2025-08-19.md
 create mode 100644 memory/logs/scheduler/2025-08-20T16-10-36_absorb_memory.log
 create mode 100644 memory/logs/scheduler/2025-08-20T16-10-36_auto_git_sync.log
 create mode 100644 memory/logs/system/heartbeat_schedule_status_2025-08-19.md
 create mode 100644 memory/logs/system/heartbeat_schedule_status_2025-08-20.md
 rewrite tools/absorb_guard.py (96%)
 create mode 100644 tools/absorb_runner.py
 create mode 100644 tools/absorb_status_report.py
 create mode 100755 tools/barcode_cache.py
 create mode 100755 tools/scheduler.py
 create mode 100644 tools/task_registry.json
Running: git config pack.windowMemory 10m
Running: git config pack.packSizeLimit 20m
Running: git push origin v1.1-dev
stderr: To github.com:rafa8525/consensus-project.git
   88122ed66..221a579b3  v1.1-dev -> v1.1-dev
✅ Git push completed successfully.
