Running: git pull origin v1.1-dev
stdout: Already up to date.
stderr: From github.com:rafa8525/consensus-project
 * branch                v1.1-dev   -> FETCH_HEAD
Running: git add -A
Running: git commit -m "Auto-log sync for 2025-08-22 04:03:00"
stdout: [v1.1-dev 30ce3b1ad] Auto-log sync for 2025-08-22 04:03:00
 8 files changed, 30 insertions(+), 5 deletions(-)
 create mode 100644 memory/logs/scheduler/2025-08-22T02-02-56_auto_memory_sync.log
 create mode 100644 memory/logs/scheduler/2025-08-22T02-02-56_heartbeat_logger.log
 create mode 100644 memory/logs/scheduler/2025-08-22T02-02-57_voice_reminder.log
 create mode 100644 memory/logs/scheduler/2025-08-22T03-02-34_absorb_memory.log
 create mode 100644 memory/logs/scheduler/2025-08-22T04-02-49_absorb_memory.log
 create mode 100644 memory/logs/scheduler/2025-08-22T04-02-51_auto_git_sync.log
Running: git config pack.windowMemory 10m
Running: git config pack.packSizeLimit 20m
Running: git push origin v1.1-dev
stderr: To github.com:rafa8525/consensus-project.git
   04dc54eab..30ce3b1ad  v1.1-dev -> v1.1-dev
✅ Git push completed successfully.
