Running: git pull origin v1.1-dev
stdout: Already up to date.
stderr: From github.com:rafa8525/consensus-project
 * branch                v1.1-dev   -> FETCH_HEAD
Running: git add -A
Running: git commit -m "Auto-log sync for 2025-08-20 20:02:34"
stdout: [v1.1-dev e3e58171a] Auto-log sync for 2025-08-20 20:02:34
 9 files changed, 44 insertions(+), 10 deletions(-)
 create mode 100644 memory/logs/scheduler/2025-08-20T18-03-22_auto_memory_sync.log
 create mode 100644 memory/logs/scheduler/2025-08-20T18-03-23_heartbeat_logger.log
 create mode 100644 memory/logs/scheduler/2025-08-20T18-03-24_nutrition_pipeline.log
 create mode 100644 memory/logs/scheduler/2025-08-20T18-03-25_voice_reminder.log
 create mode 100644 memory/logs/scheduler/2025-08-20T19-02-53_absorb_memory.log
 create mode 100644 memory/logs/scheduler/2025-08-20T20-02-22_absorb_memory.log
 create mode 100644 memory/logs/scheduler/2025-08-20T20-02-25_auto_git_sync.log
 rewrite memory/logs/scheduler/state.json (60%)
Running: git config pack.windowMemory 10m
Running: git config pack.packSizeLimit 20m
Running: git push origin v1.1-dev
stderr: To github.com:rafa8525/consensus-project.git
   0bcc4e1e3..e3e58171a  v1.1-dev -> v1.1-dev
✅ Git push completed successfully.
