Running: git pull origin v1.1-dev
stdout: Already up to date.
stderr: From github.com:rafa8525/consensus-project
 * branch                v1.1-dev   -> FETCH_HEAD
Running: git add -A
Running: git commit -m "Auto-log sync for 2025-08-20 18:03:13"
stdout: [v1.1-dev 0bcc4e1e3] Auto-log sync for 2025-08-20 18:03:13
 15 files changed, 167 insertions(+), 28 deletions(-)
 create mode 100644 config/absorb_cmd.txt
 create mode 100644 memory/logs/absorb/absorb_log.jsonl
 create mode 100644 memory/logs/absorb/status.txt
 create mode 100644 memory/logs/scheduler/2025-08-20T16-11-21_auto_memory_sync.log
 create mode 100644 memory/logs/scheduler/2025-08-20T16-11-21_heartbeat_logger.log
 create mode 100644 memory/logs/scheduler/2025-08-20T16-11-22_daily_fitness_log.log
 create mode 100644 memory/logs/scheduler/2025-08-20T16-11-22_heartbeat_status.log
 create mode 100644 memory/logs/scheduler/2025-08-20T16-11-22_voice_reminder.log
 create mode 100644 memory/logs/scheduler/2025-08-20T16-11-23_monthly_security_audit.log
 create mode 100644 memory/logs/scheduler/2025-08-20T17-02-29_absorb_memory.log
 create mode 100644 memory/logs/scheduler/2025-08-20T18-03-00_absorb_memory.log
 create mode 100644 memory/logs/scheduler/2025-08-20T18-03-01_auto_git_sync.log
 create mode 100644 memory/logs/scheduler/state.json
Running: git config pack.windowMemory 10m
Running: git config pack.packSizeLimit 20m
Running: git push origin v1.1-dev
stderr: To github.com:rafa8525/consensus-project.git
   221a579b3..0bcc4e1e3  v1.1-dev -> v1.1-dev
✅ Git push completed successfully.
