Running: git pull origin v1.1-dev
stdout: Already up to date.
stderr: From github.com:rafa8525/consensus-project
 * branch                v1.1-dev   -> FETCH_HEAD
Running: git add -A
Running: git commit -m "Auto-log sync for 2025-08-21 06:03:44"
stdout: [v1.1-dev 104a6332d] Auto-log sync for 2025-08-21 06:03:44
 8 files changed, 30 insertions(+), 5 deletions(-)
 create mode 100644 memory/logs/scheduler/2025-08-21T04-03-11_auto_memory_sync.log
 create mode 100644 memory/logs/scheduler/2025-08-21T04-03-13_heartbeat_logger.log
 create mode 100644 memory/logs/scheduler/2025-08-21T04-03-15_voice_reminder.log
 create mode 100644 memory/logs/scheduler/2025-08-21T05-02-57_absorb_memory.log
 create mode 100644 memory/logs/scheduler/2025-08-21T06-03-30_absorb_memory.log
 create mode 100644 memory/logs/scheduler/2025-08-21T06-03-33_auto_git_sync.log
Running: git config pack.windowMemory 10m
Running: git config pack.packSizeLimit 20m
Running: git push origin v1.1-dev
stderr: To github.com:rafa8525/consensus-project.git
   f749ed8d5..104a6332d  v1.1-dev -> v1.1-dev
✅ Git push completed successfully.
