Running: git pull origin v1.1-dev
stdout: Already up to date.
stderr: From github.com:rafa8525/consensus-project
 * branch                v1.1-dev   -> FETCH_HEAD
Running: git add -A
Running: git commit -m "Auto-log sync for 2025-08-21 02:02:49"
stdout: [v1.1-dev e6e638a1c] Auto-log sync for 2025-08-21 02:02:49
 8 files changed, 30 insertions(+), 5 deletions(-)
 create mode 100644 memory/logs/scheduler/2025-08-21T00-03-40_auto_memory_sync.log
 create mode 100644 memory/logs/scheduler/2025-08-21T00-03-41_heartbeat_logger.log
 create mode 100644 memory/logs/scheduler/2025-08-21T00-03-41_voice_reminder.log
 create mode 100644 memory/logs/scheduler/2025-08-21T01-03-04_absorb_memory.log
 create mode 100644 memory/logs/scheduler/2025-08-21T02-02-45_absorb_memory.log
 create mode 100644 memory/logs/scheduler/2025-08-21T02-02-46_auto_git_sync.log
Running: git config pack.windowMemory 10m
Running: git config pack.packSizeLimit 20m
Running: git push origin v1.1-dev
stderr: To github.com:rafa8525/consensus-project.git
   7217946e9..e6e638a1c  v1.1-dev -> v1.1-dev
✅ Git push completed successfully.
