Running: git pull origin v1.1-dev
stdout: Already up to date.
stderr: From github.com:rafa8525/consensus-project
 * branch                v1.1-dev   -> FETCH_HEAD
Running: git add -A
Running: git commit -m "Auto-log sync for 2025-08-21 11:02:51"
stdout: [v1.1-dev 3b73eb89a] Auto-log sync for 2025-08-21 11:02:51
 8 files changed, 33 insertions(+), 5 deletions(-)
 create mode 100644 memory/logs/scheduler/2025-08-21T09-03-08_auto_memory_sync.log
 create mode 100644 memory/logs/scheduler/2025-08-21T09-03-10_heartbeat_logger.log
 create mode 100644 memory/logs/scheduler/2025-08-21T09-03-13_voice_reminder.log
 create mode 100644 memory/logs/scheduler/2025-08-21T10-02-40_absorb_memory.log
 create mode 100644 memory/logs/scheduler/2025-08-21T11-02-41_absorb_memory.log
 create mode 100644 memory/logs/scheduler/2025-08-21T11-02-43_auto_git_sync.log
Running: git config pack.windowMemory 10m
Running: git config pack.packSizeLimit 20m
Running: git push origin v1.1-dev
stderr: To github.com:rafa8525/consensus-project.git
   298e2043a..3b73eb89a  v1.1-dev -> v1.1-dev
✅ Git push completed successfully.
