Running: git pull origin v1.1-dev
stdout: Already up to date.
stderr: From https://github.com/rafa8525/consensus-project
 * branch              v1.1-dev   -> FETCH_HEAD
Running: git add -A
Running: git commit -m "Auto-log sync for 2025-08-23 20:02:48"
stdout: [v1.1-dev a2f9813a] Auto-log sync for 2025-08-23 20:02:48
 9 files changed, 31 insertions(+), 6 deletions(-)
 create mode 100644 memory/logs/scheduler/2025-08-23T18-03-14_auto_memory_sync.log
 create mode 100644 memory/logs/scheduler/2025-08-23T18-03-15_heartbeat_logger.log
 create mode 100644 memory/logs/scheduler/2025-08-23T18-03-16_nutrition_pipeline.log
 create mode 100644 memory/logs/scheduler/2025-08-23T18-03-18_voice_reminder.log
 create mode 100644 memory/logs/scheduler/2025-08-23T19-02-59_absorb_memory.log
 create mode 100644 memory/logs/scheduler/2025-08-23T20-02-40_absorb_memory.log
 create mode 100644 memory/logs/scheduler/2025-08-23T20-02-43_auto_git_sync.log
Running: git config pack.windowMemory 10m
Running: git config pack.packSizeLimit 20m
Running: git push origin v1.1-dev
stderr: fatal: could not read Username for 'https://github.com': No such device or address
❌ Git push failed.
