Running: git pull origin v1.1-dev
stdout: Already up to date.
stderr: From github.com:rafa8525/consensus-project
 * branch                v1.1-dev   -> FETCH_HEAD
Running: git add -A
Running: git commit -m "Auto-log sync for 2025-08-21 09:02:59"
stdout: [v1.1-dev 298e2043a] Auto-log sync for 2025-08-21 09:02:59
 10 files changed, 41 insertions(+), 12 deletions(-)
 create mode 100644 memory/logs/scheduler/2025-08-21T07-04-10_auto_memory_sync.log
 create mode 100644 memory/logs/scheduler/2025-08-21T07-04-12_heartbeat_logger.log
 create mode 100644 memory/logs/scheduler/2025-08-21T07-04-14_daily_fitness_log.log
 create mode 100644 memory/logs/scheduler/2025-08-21T07-04-16_heartbeat_status.log
 create mode 100644 memory/logs/scheduler/2025-08-21T07-04-17_voice_reminder.log
 create mode 100644 memory/logs/scheduler/2025-08-21T08-03-14_absorb_memory.log
 create mode 100644 memory/logs/scheduler/2025-08-21T09-02-49_absorb_memory.log
 create mode 100644 memory/logs/scheduler/2025-08-21T09-02-51_auto_git_sync.log
 rewrite memory/logs/scheduler/state.json (68%)
Running: git config pack.windowMemory 10m
Running: git config pack.packSizeLimit 20m
Running: git push origin v1.1-dev
stderr: To github.com:rafa8525/consensus-project.git
   c2a3772be..298e2043a  v1.1-dev -> v1.1-dev
✅ Git push completed successfully.
