Running: git pull origin v1.1-dev
stdout: Already up to date.
stderr: From github.com:rafa8525/consensus-project
 * branch                v1.1-dev   -> FETCH_HEAD
Running: git add -A
Running: git commit -m "Auto-log sync for 2025-08-21 04:03:04"
stdout: [v1.1-dev f749ed8d5] Auto-log sync for 2025-08-21 04:03:04
 8 files changed, 30 insertions(+), 5 deletions(-)
 create mode 100644 memory/logs/scheduler/2025-08-21T02-02-52_auto_memory_sync.log
 create mode 100644 memory/logs/scheduler/2025-08-21T02-02-52_heartbeat_logger.log
 create mode 100644 memory/logs/scheduler/2025-08-21T02-02-53_voice_reminder.log
 create mode 100644 memory/logs/scheduler/2025-08-21T03-02-39_absorb_memory.log
 create mode 100644 memory/logs/scheduler/2025-08-21T04-02-52_absorb_memory.log
 create mode 100644 memory/logs/scheduler/2025-08-21T04-02-54_auto_git_sync.log
Running: git config pack.windowMemory 10m
Running: git config pack.packSizeLimit 20m
Running: git push origin v1.1-dev
stderr: To github.com:rafa8525/consensus-project.git
   e6e638a1c..f749ed8d5  v1.1-dev -> v1.1-dev
✅ Git push completed successfully.
