Running: git pull origin v1.1-dev
stdout: Already up to date.
stderr: From github.com:rafa8525/consensus-project
 * branch                v1.1-dev   -> FETCH_HEAD
Running: git add -A
Running: git commit -m "Auto-log sync for 2025-08-21 20:02:38"
stdout: [v1.1-dev 47f53f170] Auto-log sync for 2025-08-21 20:02:38
 9 files changed, 38 insertions(+), 6 deletions(-)
 create mode 100644 memory/logs/scheduler/2025-08-21T18-03-16_auto_memory_sync.log
 create mode 100644 memory/logs/scheduler/2025-08-21T18-03-18_heartbeat_logger.log
 create mode 100644 memory/logs/scheduler/2025-08-21T18-03-19_nutrition_pipeline.log
 create mode 100644 memory/logs/scheduler/2025-08-21T18-03-20_voice_reminder.log
 create mode 100644 memory/logs/scheduler/2025-08-21T19-02-44_absorb_memory.log
 create mode 100644 memory/logs/scheduler/2025-08-21T20-02-28_absorb_memory.log
 create mode 100644 memory/logs/scheduler/2025-08-21T20-02-31_auto_git_sync.log
Running: git config pack.windowMemory 10m
Running: git config pack.packSizeLimit 20m
Running: git push origin v1.1-dev
stderr: To github.com:rafa8525/consensus-project.git
   839b778d0..47f53f170  v1.1-dev -> v1.1-dev
✅ Git push completed successfully.
