Running: git pull origin v1.1-dev
stdout: Already up to date.
stderr: From github.com:rafa8525/consensus-project
 * branch                v1.1-dev   -> FETCH_HEAD
Running: git add -A
Running: git commit -m "Auto-log sync for 2025-08-22 14:02:18"
stdout: [v1.1-dev 7375aa0b2] Auto-log sync for 2025-08-22 14:02:18
 8 files changed, 30 insertions(+), 5 deletions(-)
 create mode 100644 memory/logs/scheduler/2025-08-22T12-03-52_auto_memory_sync.log
 create mode 100644 memory/logs/scheduler/2025-08-22T12-03-53_heartbeat_logger.log
 create mode 100644 memory/logs/scheduler/2025-08-22T12-03-54_voice_reminder.log
 create mode 100644 memory/logs/scheduler/2025-08-22T13-02-30_absorb_memory.log
 create mode 100644 memory/logs/scheduler/2025-08-22T14-02-00_absorb_memory.log
 create mode 100644 memory/logs/scheduler/2025-08-22T14-02-03_auto_git_sync.log
Running: git config pack.windowMemory 10m
Running: git config pack.packSizeLimit 20m
Running: git push origin v1.1-dev
stderr: To github.com:rafa8525/consensus-project.git
   7e5e5e9bd..7375aa0b2  v1.1-dev -> v1.1-dev
✅ Git push completed successfully.
