Running: git pull origin v1.1-dev
stdout: Already up to date.
stderr: From github.com:rafa8525/consensus-project
 * branch                v1.1-dev   -> FETCH_HEAD
Running: git add -A
Running: git commit -m "Auto-log sync for 2025-08-21 14:02:33"
stdout: [v1.1-dev 4b50d4970] Auto-log sync for 2025-08-21 14:02:33
 8 files changed, 29 insertions(+), 5 deletions(-)
 create mode 100644 memory/logs/scheduler/2025-08-21T12-03-57_auto_memory_sync.log
 create mode 100644 memory/logs/scheduler/2025-08-21T12-03-58_heartbeat_logger.log
 create mode 100644 memory/logs/scheduler/2025-08-21T12-03-59_voice_reminder.log
 create mode 100644 memory/logs/scheduler/2025-08-21T13-02-35_absorb_memory.log
 create mode 100644 memory/logs/scheduler/2025-08-21T14-02-19_absorb_memory.log
 create mode 100644 memory/logs/scheduler/2025-08-21T14-02-22_auto_git_sync.log
Running: git config pack.windowMemory 10m
Running: git config pack.packSizeLimit 20m
Running: git push origin v1.1-dev
stderr: To github.com:rafa8525/consensus-project.git
   6904c4828..4b50d4970  v1.1-dev -> v1.1-dev
✅ Git push completed successfully.
