Running: git pull origin v1.1-dev
stdout: Already up to date.
stderr: From github.com:rafa8525/consensus-project
 * branch                v1.1-dev   -> FETCH_HEAD
Running: git add -A
Running: git commit -m "Auto-log sync for 2025-08-21 00:03:37"
stdout: [v1.1-dev 7217946e9] Auto-log sync for 2025-08-21 00:03:37
 8 files changed, 33 insertions(+), 5 deletions(-)
 create mode 100644 memory/logs/scheduler/2025-08-20T22-02-37_auto_memory_sync.log
 create mode 100644 memory/logs/scheduler/2025-08-20T22-02-38_heartbeat_logger.log
 create mode 100644 memory/logs/scheduler/2025-08-20T22-02-38_voice_reminder.log
 create mode 100644 memory/logs/scheduler/2025-08-20T23-02-23_absorb_memory.log
 create mode 100644 memory/logs/scheduler/2025-08-21T00-03-28_absorb_memory.log
 create mode 100644 memory/logs/scheduler/2025-08-21T00-03-30_auto_git_sync.log
Running: git config pack.windowMemory 10m
Running: git config pack.packSizeLimit 20m
Running: git push origin v1.1-dev
stderr: To github.com:rafa8525/consensus-project.git
   7399b88a2..7217946e9  v1.1-dev -> v1.1-dev
✅ Git push completed successfully.
