[2025-07-02 17:24:58] 🧠 Starting merged daily task...
[2025-07-02 17:24:58] 🚀 Running GitHub push for .md logs...
[2025-07-02 17:25:02] ✅ memory/logs/geofencing/kitchen_log.md successfully pushed.
✅ memory/logs/nutrition/meal_log.md successfully pushed.
✅ memory/logs/fitness/heart_log.md successfully pushed.
✅ memory/logs/transport/transit_log.md successfully pushed.
📤 Smart uploader started...
✅ Found upload_sync/manual_push/kitchen_log.md, uploading...
✅ Found upload_sync/manual_push/meal_log.md, uploading...
✅ Found upload_sync/manual_push/heart_log.md, uploading...
✅ Found upload_sync/manual_push/transit_log.md, uploading...
✅ Done.
[2025-07-02 17:25:02] 🗃️ Running ZIP archive upload...
[2025-07-02 17:25:03] ✅ Created encrypted ZIP: /tmp/secure_logs_2025-07-02.zip
✅ Backup uploaded to GitHub successfully.
[2025-07-02 17:25:03] ⏰ Running reminder agent...
[2025-07-02 17:25:05] 
[2025-07-02 17:25:05] Traceback (most recent call last):
  File "/home/rafa1215/consensus-project/reminder agent/reminder_agent.py", line 121, in <module>
    main()
  File "/home/rafa1215/consensus-project/reminder agent/reminder_agent.py", line 50, in main
    creds = get_creds()
  File "/home/rafa1215/consensus-project/reminder agent/reminder_agent.py", line 31, in get_creds
    flow = InstalledAppFlow.from_client_secrets_file('credentials.json', SCOPES)
  File "/home/rafa1215/.local/lib/python3.10/site-packages/google_auth_oauthlib/flow.py", line 201, in from_client_secrets_file
    return cls.from_client_config(client_config, scopes=scopes, **kwargs)
  File "/home/rafa1215/.local/lib/python3.10/site-packages/google_auth_oauthlib/flow.py", line 159, in from_client_config
    raise ValueError("Client secrets must be for a web or installed app.")
ValueError: Client secrets must be for a web or installed app.
[2025-07-02 17:25:05] 🤖 Agent self-assessment completed at 2025-07-02 17:25 and logged.
[2025-07-02 17:25:05] ❌ Self-assessment Git sync failed: Command '['git', 'add', 'memory/logs/agent_self_assessment.md']' returned non-zero exit status 1.
[2025-07-02 17:25:05] 🏃 Fitness log entry appended.
[2025-07-02 17:25:05] 🍫 Barcode log entry appended.
[2025-07-02 17:25:05] 📍 Geofencing log entry appended.
[2025-07-02 17:25:05] ❌ Git sync for new logs failed: Command '['git', 'add', 'memory/logs/fitness_log.md', 'memory/logs/barcode_log.md', 'memory/logs/geofencing_log.md']' returned non-zero exit status 1.
[2025-07-02 17:25:05] 📊 Fitness summary entry appended.
[2025-07-02 17:25:05] ❌ Fitness summary Git sync failed: Command '['git', 'add', 'memory/logs/fitness_summary.md']' returned non-zero exit status 1.
[2025-07-02 17:25:05] ✅ Daily task completed.
[2025-07-02 17:25:06] 📤 Twilio SMS alert sent.
