[2025-07-30 16:11:15] Running voice reminder heartbeat check...
[2025-07-30 16:11:15] No reminder log found — skipping.
[2025-07-30 16:57:06] Running voice reminder heartbeat check...
[2025-07-30 16:57:06] ERROR sending SMS: 
[31m[49mHTTP Error[0m [37m[49mYour request was:[0m

[36m[49mPOST /Accounts/None/Messages.json[0m

[37m[49mTwilio returned the following information:[0m

[34m[49mUnable to create record: Authentication Error - No credentials provided[0m

[37m[49mMore information may be available here:[0m

[34m[49mhttps://www.twilio.com/docs/errors/20003[0m


[2025-07-30 17:01:34] Running voice reminder heartbeat check...
[2025-07-30 17:01:34] No due reminders found.
[2025-07-30 17:03:19] Running voice reminder heartbeat check...
[2025-07-30 17:03:19] ERROR sending SMS: 
[31m[49mHTTP Error[0m [37m[49mYour request was:[0m

[36m[49mPOST /Accounts/None/Messages.json[0m

[37m[49mTwilio returned the following information:[0m

[34m[49mUnable to create record: Authentication Error - No credentials provided[0m

[37m[49mMore information may be available here:[0m

[34m[49mhttps://www.twilio.com/docs/errors/20003[0m


[2025-07-30 17:07:20] Running voice reminder heartbeat check...
[2025-07-30 17:07:21] SMS sent: SID SM4cf487e87fbe9f360724c30e1461e93c
[2025-07-30 19:26:54] Running voice reminder heartbeat check...
[2025-07-30 19:26:54] No due reminders found.
[2025-07-30 19:36:55] Running voice reminder heartbeat check...
[2025-07-30 19:36:55] No due reminders found.
[2025-07-30 19:46:56] Running voice reminder heartbeat check...
[2025-07-30 19:46:56] No due reminders found.
[2025-07-30 19:56:57] Running voice reminder heartbeat check...
[2025-07-30 19:56:57] No due reminders found.
[2025-07-30 20:06:58] Running voice reminder heartbeat check...
[2025-07-30 20:06:58] No due reminders found.
[2025-07-30 20:16:59] Running voice reminder heartbeat check...
[2025-07-30 20:16:59] No due reminders found.
[2025-07-30 20:27:00] Running voice reminder heartbeat check...
[2025-07-30 20:27:00] No due reminders found.
[2025-07-30 20:37:02] Running voice reminder heartbeat check...
[2025-07-30 20:37:02] No due reminders found.
[2025-07-30 20:47:03] Running voice reminder heartbeat check...
[2025-07-30 20:47:03] No due reminders found.
