[2025-08-12T19:11:32Z] ENTER probe start fence=home dist_m=0 acc_m=25
[2025-08-12T19:15:51Z] ENTER confirmed fence=home dist_m=0 acc_m=25 src=gps
[2025-08-12T19:15:51Z] ACTION note 'Home' event={'type': 'enter', 'lat': 0.0, 'lon': 0.0}
[2025-08-12T19:26:03Z] EXIT confirmed fence=home dist_m=314 acc_m=25 src=gps
[2025-08-12T19:26:03Z] ACTION vpn_on fence=home via event={'type': 'exit', 'lat': 0.002, 'lon': 0.002}
[2025-08-12T20:15:33Z] ENTER probe start fence=home dist_m=0 acc_m=25
[2025-08-12T20:15:33Z] ENTER probe start fence=gym dist_m=0 acc_m=25
[2025-08-12T20:15:33Z] ENTER probe start fence=work dist_m=0 acc_m=25
[2025-08-12T21:22:21Z] ENTER confirmed fence=home dist_m=0 acc_m=25 src=sim-enter
[2025-08-12T21:22:21Z] ACTION note 'Home' event={'type': 'enter', 'lat': 38.011847501632616, 'lon': -121.90208407683106}
[2025-08-12T21:22:21Z] ENTER confirmed fence=gym dist_m=0 acc_m=25 src=sim-enter
[2025-08-12T21:22:21Z] ACTION note 'Gym' event={'type': 'enter', 'lat': 38.011847501632616, 'lon': -121.90208407683106}
[2025-08-12T21:33:40Z] EXIT confirmed fence=home dist_m=200 acc_m=25 src=sim-exit
[2025-08-12T21:33:40Z] ACTION vpn_on fence=home via event={'type': 'exit', 'lat': 38.013647503432615, 'lon': -121.90208407683106}
[2025-08-12T21:33:40Z] EXIT confirmed fence=gym dist_m=239 acc_m=25 src=sim-exit
[2025-08-12T21:33:40Z] ACTION note 'Gym' event={'type': 'exit', 'lat': 38.013647503432615, 'lon': -121.90208407683106}
[2025-08-12T22:16:37Z] ENTER probe start fence=home dist_m=0 acc_m=25
[2025-08-12T22:16:37Z] ENTER probe start fence=gym dist_m=40 acc_m=25
[2025-08-13T15:17:15Z] ENTER confirmed fence=home dist_m=0 acc_m=25 src=curl
[2025-08-13T15:17:15Z] ACTION note 'Home' event={'type': 'enter', 'lat': 38.01185, 'lon': -121.90208}
[2025-08-13T15:17:15Z] ENTER confirmed fence=gym dist_m=40 acc_m=25 src=curl
[2025-08-13T15:17:15Z] ACTION note 'Gym' event={'type': 'enter', 'lat': 38.01185, 'lon': -121.90208}
